<?xml version="1.0" encoding="UTF-8"?>
<testsuite xmlns:xsi="http://www.w3.org/2001/XMLSchema-instance" xsi:noNamespaceSchemaLocation="https://maven.apache.org/surefire/maven-surefire-plugin/xsd/surefire-test-report.xsd" name="edu.uclm.esi.devopsmetrics.bdd.TestRunner" time="76.33" tests="26" errors="26" skipped="0" failures="0">
  <properties>
[...]
</properties>
  <testcase name="{feature to test the function to delete an user in the system}" classname="edu.uclm.esi.devopsmetrics.bdd.TestRunner" time="48.343">
    <error type="java.lang.NullPointerException">java.lang.NullPointerException
</error>
    <system-out><![CDATA[09:34:54.458 [main] DEBUG org.springframework.test.context.BootstrapUtils - Instantiating CacheAwareContextLoaderDelegate from class [org.springframework.test.context.cache.DefaultCacheAwareContextLoaderDelegate]
09:34:54.471 [main] DEBUG org.springframework.test.context.BootstrapUtils - Instantiating BootstrapContext using constructor [public org.springframework.test.context.support.DefaultBootstrapContext(java.lang.Class,org.springframework.test.context.CacheAwareContextLoaderDelegate)]
09:34:54.499 [main] DEBUG org.springframework.test.context.BootstrapUtils - Instantiating TestContextBootstrapper for test class [edu.uclm.esi.devopsmetrics.bdd.TestRunner] from class [org.springframework.test.context.support.DefaultTestContextBootstrapper]
09:34:54.515 [main] INFO org.springframework.test.context.support.DefaultTestContextBootstrapper - Neither @ContextConfiguration nor @ContextHierarchy found for test class [edu.uclm.esi.devopsmetrics.bdd.TestRunner], using DelegatingSmartContextLoader
09:34:54.519 [main] DEBUG org.springframework.test.context.support.AbstractDelegatingSmartContextLoader - Delegating to GenericXmlContextLoader to process context configuration [ContextConfigurationAttributes@29caf222 declaringClass = 'edu.uclm.esi.devopsmetrics.bdd.TestRunner', classes = '{}', locations = '{}', inheritLocations = false, initializers = '{}', inheritInitializers = true, name = [null], contextLoaderClass = 'org.springframework.test.context.ContextLoader'].
09:34:54.522 [main] DEBUG org.springframework.test.context.support.AbstractContextLoader - Did not detect default resource location for test class [edu.uclm.esi.devopsmetrics.bdd.TestRunner]: class path resource [edu/uclm/esi/devopsmetrics/bdd/TestRunner-context.xml] does not exist
09:34:54.522 [main] INFO org.springframework.test.context.support.AbstractContextLoader - Could not detect default resource locations for test class [edu.uclm.esi.devopsmetrics.bdd.TestRunner]: no resource found for suffixes {-context.xml}.
09:34:54.523 [main] DEBUG org.springframework.test.context.support.AbstractDelegatingSmartContextLoader - Delegating to AnnotationConfigContextLoader to process context configuration [ContextConfigurationAttributes@29caf222 declaringClass = 'edu.uclm.esi.devopsmetrics.bdd.TestRunner', classes = '{}', locations = '{}', inheritLocations = false, initializers = '{}', inheritInitializers = true, name = [null], contextLoaderClass = 'org.springframework.test.context.ContextLoader'].
09:34:54.524 [main] INFO org.springframework.test.context.support.AnnotationConfigContextLoaderUtils - Could not detect default configuration classes for test class [edu.uclm.esi.devopsmetrics.bdd.TestRunner]: TestRunner does not declare any static, non-private, non-final, nested classes annotated with @Configuration.
09:34:54.570 [main] DEBUG org.springframework.test.context.support.ActiveProfilesUtils - Could not find an 'annotation declaring class' for annotation type [org.springframework.test.context.ActiveProfiles] and class [edu.uclm.esi.devopsmetrics.bdd.TestRunner]
09:34:54.571 [main] DEBUG org.springframework.test.context.support.DefaultTestContextBootstrapper - @TestExecutionListeners is not present for class [edu.uclm.esi.devopsmetrics.bdd.TestRunner]: using defaults.
09:34:54.572 [main] INFO org.springframework.test.context.support.DefaultTestContextBootstrapper - Loaded default TestExecutionListener class names from location [META-INF/spring.factories]: [org.springframework.boot.test.mock.mockito.MockitoTestExecutionListener, org.springframework.boot.test.mock.mockito.ResetMocksTestExecutionListener, org.springframework.boot.test.autoconfigure.restdocs.RestDocsTestExecutionListener, org.springframework.boot.test.autoconfigure.web.client.MockRestServiceServerResetTestExecutionListener, org.springframework.boot.test.autoconfigure.web.servlet.MockMvcPrintOnlyOnFailureTestExecutionListener, org.springframework.boot.test.autoconfigure.web.servlet.WebDriverTestExecutionListener, org.springframework.boot.test.autoconfigure.webservices.client.MockWebServiceServerTestExecutionListener, org.springframework.test.context.web.ServletTestExecutionListener, org.springframework.test.context.support.DirtiesContextBeforeModesTestExecutionListener, org.springframework.test.context.support.DependencyInjectionTestExecutionListener, org.springframework.test.context.support.DirtiesContextTestExecutionListener, org.springframework.test.context.transaction.TransactionalTestExecutionListener, org.springframework.test.context.jdbc.SqlScriptsTestExecutionListener, org.springframework.test.context.event.EventPublishingTestExecutionListener]
09:34:54.595 [main] INFO org.springframework.test.context.support.DefaultTestContextBootstrapper - Using TestExecutionListeners: [org.springframework.test.context.web.ServletTestExecutionListener@7d2a6eac, org.springframework.test.context.support.DirtiesContextBeforeModesTestExecutionListener@18ca3c62, org.springframework.boot.test.mock.mockito.MockitoTestExecutionListener@2c0f7678, org.springframework.test.context.support.DependencyInjectionTestExecutionListener@44d70181, org.springframework.test.context.support.DirtiesContextTestExecutionListener@6aa648b9, org.springframework.test.context.transaction.TransactionalTestExecutionListener@23c650a3, org.springframework.test.context.jdbc.SqlScriptsTestExecutionListener@742d4e15, org.springframework.test.context.event.EventPublishingTestExecutionListener@88a8218, org.springframework.boot.test.mock.mockito.ResetMocksTestExecutionListener@50b1f030, org.springframework.boot.test.autoconfigure.restdocs.RestDocsTestExecutionListener@4163f1cd, org.springframework.boot.test.autoconfigure.web.client.MockRestServiceServerResetTestExecutionListener@5fa05212, org.springframework.boot.test.autoconfigure.web.servlet.MockMvcPrintOnlyOnFailureTestExecutionListener@3e681bc, org.springframework.boot.test.autoconfigure.web.servlet.WebDriverTestExecutionListener@5c09d180, org.springframework.boot.test.autoconfigure.webservices.client.MockWebServiceServerTestExecutionListener@23aae55]
09:34:54.599 [main] DEBUG org.springframework.test.context.support.AbstractDelegatingSmartContextLoader - Delegating to AnnotationConfigContextLoader to load context from [MergedContextConfiguration@7cf7aee testClass = TestRunner, locations = '{}', classes = '{}', contextInitializerClasses = '[]', activeProfiles = '{}', propertySourceLocations = '{}', propertySourceProperties = '{}', contextCustomizers = set[org.springframework.boot.test.context.filter.ExcludeFilterContextCustomizer@6a175569, org.springframework.boot.test.json.DuplicateJsonObjectContextCustomizerFactory$DuplicateJsonObjectContextCustomizer@11ee02f8, org.springframework.boot.test.mock.mockito.MockitoContextCustomizer@0, org.springframework.boot.test.autoconfigure.properties.PropertyMappingContextCustomizer@0, org.springframework.boot.test.autoconfigure.web.servlet.WebDriverContextCustomizerFactory$Customizer@159e366], contextLoader = 'org.springframework.test.context.support.DelegatingSmartContextLoader', parent = [null]].
09:34:54.600 [main] DEBUG org.springframework.test.context.support.AbstractGenericContextLoader - Loading ApplicationContext for merged context configuration [[MergedContextConfiguration@7cf7aee testClass = TestRunner, locations = '{}', classes = '{}', contextInitializerClasses = '[]', activeProfiles = '{}', propertySourceLocations = '{}', propertySourceProperties = '{}', contextCustomizers = set[org.springframework.boot.test.context.filter.ExcludeFilterContextCustomizer@6a175569, org.springframework.boot.test.json.DuplicateJsonObjectContextCustomizerFactory$DuplicateJsonObjectContextCustomizer@11ee02f8, org.springframework.boot.test.mock.mockito.MockitoContextCustomizer@0, org.springframework.boot.test.autoconfigure.properties.PropertyMappingContextCustomizer@0, org.springframework.boot.test.autoconfigure.web.servlet.WebDriverContextCustomizerFactory$Customizer@159e366], contextLoader = 'org.springframework.test.context.support.DelegatingSmartContextLoader', parent = [null]]].
09:34:54.646 [main] DEBUG org.springframework.core.env.StandardEnvironment - Activating profiles []
09:34:54.647 [main] DEBUG org.springframework.test.context.support.AnnotationConfigContextLoader - Registering component classes: {}
09:34:54.677 [main] DEBUG org.springframework.context.support.GenericApplicationContext - Refreshing org.springframework.context.support.GenericApplicationContext@70d8de
09:34:54.690 [main] DEBUG org.springframework.beans.factory.support.DefaultListableBeanFactory - Creating shared instance of singleton bean 'org.springframework.context.annotation.internalConfigurationAnnotationProcessor'
09:34:54.710 [main] DEBUG org.springframework.beans.factory.support.DefaultListableBeanFactory - Creating shared instance of singleton bean 'org.springframework.boot.test.mock.mockito.MockitoPostProcessor'
09:34:54.728 [main] DEBUG org.springframework.beans.factory.support.DefaultListableBeanFactory - Creating shared instance of singleton bean 'org.springframework.context.event.internalEventListenerProcessor'
09:34:54.729 [main] DEBUG org.springframework.beans.factory.support.DefaultListableBeanFactory - Creating shared instance of singleton bean 'org.springframework.context.event.internalEventListenerFactory'
09:34:54.730 [main] DEBUG org.springframework.beans.factory.support.DefaultListableBeanFactory - Creating shared instance of singleton bean 'org.springframework.context.annotation.internalAutowiredAnnotationProcessor'
09:34:54.732 [main] DEBUG org.springframework.beans.factory.support.DefaultListableBeanFactory - Creating shared instance of singleton bean 'org.springframework.context.annotation.internalCommonAnnotationProcessor'
09:34:54.735 [main] DEBUG org.springframework.beans.factory.support.DefaultListableBeanFactory - Creating shared instance of singleton bean 'org.springframework.boot.test.mock.mockito.MockitoPostProcessor$SpyPostProcessor'
09:34:54.756 [main] DEBUG org.springframework.test.context.cache.DefaultCacheAwareContextLoaderDelegate - Storing ApplicationContext [7395550] in cache under key [[MergedContextConfiguration@7cf7aee testClass = TestRunner, locations = '{}', classes = '{}', contextInitializerClasses = '[]', activeProfiles = '{}', propertySourceLocations = '{}', propertySourceProperties = '{}', contextCustomizers = set[org.springframework.boot.test.context.filter.ExcludeFilterContextCustomizer@6a175569, org.springframework.boot.test.json.DuplicateJsonObjectContextCustomizerFactory$DuplicateJsonObjectContextCustomizer@11ee02f8, org.springframework.boot.test.mock.mockito.MockitoContextCustomizer@0, org.springframework.boot.test.autoconfigure.properties.PropertyMappingContextCustomizer@0, org.springframework.boot.test.autoconfigure.web.servlet.WebDriverContextCustomizerFactory$Customizer@159e366], contextLoader = 'org.springframework.test.context.support.DelegatingSmartContextLoader', parent = [null]]]
09:34:54.756 [main] DEBUG org.springframework.test.context.cache - Spring test ApplicationContext cache statistics: [DefaultContextCache@42c2f48c size = 1, maxSize = 32, parentContextCount = 0, hitCount = 0, missCount = 1]
09:34:54.759 [main] DEBUG org.springframework.test.context.support.AbstractDirtiesContextTestExecutionListener - Before test class: context [DefaultTestContext@76954a33 testClass = TestRunner, testInstance = [null], testMethod = [null], testException = [null], mergedContextConfiguration = [MergedContextConfiguration@7cf7aee testClass = TestRunner, locations = '{}', classes = '{}', contextInitializerClasses = '[]', activeProfiles = '{}', propertySourceLocations = '{}', propertySourceProperties = '{}', contextCustomizers = set[org.springframework.boot.test.context.filter.ExcludeFilterContextCustomizer@6a175569, org.springframework.boot.test.json.DuplicateJsonObjectContextCustomizerFactory$DuplicateJsonObjectContextCustomizer@11ee02f8, org.springframework.boot.test.mock.mockito.MockitoContextCustomizer@0, org.springframework.boot.test.autoconfigure.properties.PropertyMappingContextCustomizer@0, org.springframework.boot.test.autoconfigure.web.servlet.WebDriverContextCustomizerFactory$Customizer@159e366], contextLoader = 'org.springframework.test.context.support.DelegatingSmartContextLoader', parent = [null]], attributes = map[[empty]]], class annotated with @DirtiesContext [false] with mode [null].
09:34:54.760 [main] DEBUG org.springframework.test.context.cache.DefaultCacheAwareContextLoaderDelegate - Retrieved ApplicationContext [7395550] from cache with key [[MergedContextConfiguration@7cf7aee testClass = TestRunner, locations = '{}', classes = '{}', contextInitializerClasses = '[]', activeProfiles = '{}', propertySourceLocations = '{}', propertySourceProperties = '{}', contextCustomizers = set[org.springframework.boot.test.context.filter.ExcludeFilterContextCustomizer@6a175569, org.springframework.boot.test.json.DuplicateJsonObjectContextCustomizerFactory$DuplicateJsonObjectContextCustomizer@11ee02f8, org.springframework.boot.test.mock.mockito.MockitoContextCustomizer@0, org.springframework.boot.test.autoconfigure.properties.PropertyMappingContextCustomizer@0, org.springframework.boot.test.autoconfigure.web.servlet.WebDriverContextCustomizerFactory$Customizer@159e366], contextLoader = 'org.springframework.test.context.support.DelegatingSmartContextLoader', parent = [null]]]
09:34:54.761 [main] DEBUG org.springframework.test.context.cache - Spring test ApplicationContext cache statistics: [DefaultContextCache@42c2f48c size = 1, maxSize = 32, parentContextCount = 0, hitCount = 1, missCount = 1]

Scenario:                                                                        # src/test/resources/features/DeleteUser.feature:3
09:34:55.171 [main] DEBUG org.apache.http.client.protocol.RequestAddCookies - CookieSpec selected: default
09:34:55.182 [main] DEBUG org.apache.http.client.protocol.RequestAuthCache - Auth cache not set in the context
09:34:55.183 [main] DEBUG org.apache.http.impl.conn.PoolingHttpClientConnectionManager - Connection request: [route: {s}->https://devopsmetrics.herokuapp.com:443][total available: 0; route allocated: 0 of 2; total allocated: 0 of 20]
09:34:55.198 [main] DEBUG org.apache.http.impl.conn.PoolingHttpClientConnectionManager - Connection leased: [id: 0][route: {s}->https://devopsmetrics.herokuapp.com:443][total available: 0; route allocated: 1 of 2; total allocated: 1 of 20]
09:34:55.200 [main] DEBUG org.apache.http.impl.execchain.MainClientExec - Opening connection {s}->https://devopsmetrics.herokuapp.com:443
09:34:55.246 [main] DEBUG org.apache.http.impl.conn.DefaultHttpClientConnectionOperator - Connecting to devopsmetrics.herokuapp.com/34.240.218.59:443
09:34:55.247 [main] DEBUG org.apache.http.conn.ssl.SSLConnectionSocketFactory - Connecting socket to devopsmetrics.herokuapp.com/34.240.218.59:443 with timeout 0
09:34:55.305 [main] DEBUG org.apache.http.conn.ssl.SSLConnectionSocketFactory - Enabled protocols: [TLSv1.3, TLSv1.2, TLSv1.1, TLSv1]
09:34:55.305 [main] DEBUG org.apache.http.conn.ssl.SSLConnectionSocketFactory - Enabled cipher suites:[TLS_AES_128_GCM_SHA256, TLS_AES_256_GCM_SHA384, TLS_ECDHE_ECDSA_WITH_AES_256_GCM_SHA384, TLS_ECDHE_ECDSA_WITH_AES_128_GCM_SHA256, TLS_ECDHE_RSA_WITH_AES_256_GCM_SHA384, TLS_RSA_WITH_AES_256_GCM_SHA384, TLS_ECDH_ECDSA_WITH_AES_256_GCM_SHA384, TLS_ECDH_RSA_WITH_AES_256_GCM_SHA384, TLS_DHE_RSA_WITH_AES_256_GCM_SHA384, TLS_DHE_DSS_WITH_AES_256_GCM_SHA384, TLS_ECDHE_RSA_WITH_AES_128_GCM_SHA256, TLS_RSA_WITH_AES_128_GCM_SHA256, TLS_ECDH_ECDSA_WITH_AES_128_GCM_SHA256, TLS_ECDH_RSA_WITH_AES_128_GCM_SHA256, TLS_DHE_RSA_WITH_AES_128_GCM_SHA256, TLS_DHE_DSS_WITH_AES_128_GCM_SHA256, TLS_ECDHE_ECDSA_WITH_AES_256_CBC_SHA384, TLS_ECDHE_RSA_WITH_AES_256_CBC_SHA384, TLS_RSA_WITH_AES_256_CBC_SHA256, TLS_ECDH_ECDSA_WITH_AES_256_CBC_SHA384, TLS_ECDH_RSA_WITH_AES_256_CBC_SHA384, TLS_DHE_RSA_WITH_AES_256_CBC_SHA256, TLS_DHE_DSS_WITH_AES_256_CBC_SHA256, TLS_ECDHE_ECDSA_WITH_AES_256_CBC_SHA, TLS_ECDHE_RSA_WITH_AES_256_CBC_SHA, TLS_RSA_WITH_AES_256_CBC_SHA, TLS_ECDH_ECDSA_WITH_AES_256_CBC_SHA, TLS_ECDH_RSA_WITH_AES_256_CBC_SHA, TLS_DHE_RSA_WITH_AES_256_CBC_SHA, TLS_DHE_DSS_WITH_AES_256_CBC_SHA, TLS_ECDHE_ECDSA_WITH_AES_128_CBC_SHA256, TLS_ECDHE_RSA_WITH_AES_128_CBC_SHA256, TLS_RSA_WITH_AES_128_CBC_SHA256, TLS_ECDH_ECDSA_WITH_AES_128_CBC_SHA256, TLS_ECDH_RSA_WITH_AES_128_CBC_SHA256, TLS_DHE_RSA_WITH_AES_128_CBC_SHA256, TLS_DHE_DSS_WITH_AES_128_CBC_SHA256, TLS_ECDHE_ECDSA_WITH_AES_128_CBC_SHA, TLS_ECDHE_RSA_WITH_AES_128_CBC_SHA, TLS_RSA_WITH_AES_128_CBC_SHA, TLS_ECDH_ECDSA_WITH_AES_128_CBC_SHA, TLS_ECDH_RSA_WITH_AES_128_CBC_SHA, TLS_DHE_RSA_WITH_AES_128_CBC_SHA, TLS_DHE_DSS_WITH_AES_128_CBC_SHA, TLS_EMPTY_RENEGOTIATION_INFO_SCSV]
09:34:55.305 [main] DEBUG org.apache.http.conn.ssl.SSLConnectionSocketFactory - Starting handshake
09:34:55.485 [main] DEBUG org.apache.http.conn.ssl.SSLConnectionSocketFactory - Secure session established
09:34:55.486 [main] DEBUG org.apache.http.conn.ssl.SSLConnectionSocketFactory -  negotiated protocol: TLSv1.2
09:34:55.486 [main] DEBUG org.apache.http.conn.ssl.SSLConnectionSocketFactory -  negotiated cipher suite: TLS_ECDHE_RSA_WITH_AES_128_GCM_SHA256
09:34:55.486 [main] DEBUG org.apache.http.conn.ssl.SSLConnectionSocketFactory -  peer principal: CN=*.herokuapp.com
09:34:55.486 [main] DEBUG org.apache.http.conn.ssl.SSLConnectionSocketFactory -  peer alternative names: [*.herokuapp.com]
09:34:55.486 [main] DEBUG org.apache.http.conn.ssl.SSLConnectionSocketFactory -  issuer principal: CN=Amazon, OU=Server CA 1B, O=Amazon, C=US
09:34:55.489 [main] DEBUG org.apache.http.impl.conn.DefaultHttpClientConnectionOperator - Connection established 192.168.1.45:64992<->34.240.218.59:443
09:34:55.490 [main] DEBUG org.apache.http.impl.execchain.MainClientExec - Executing request GET /usuarios?username=null&password=null HTTP/1.1
09:34:55.490 [main] DEBUG org.apache.http.impl.execchain.MainClientExec - Target auth state: UNCHALLENGED
09:34:55.490 [main] DEBUG org.apache.http.impl.execchain.MainClientExec - Proxy auth state: UNCHALLENGED
09:34:55.491 [main] DEBUG org.apache.http.headers - http-outgoing-0 >> GET /usuarios?username=null&password=null HTTP/1.1
09:34:55.491 [main] DEBUG org.apache.http.headers - http-outgoing-0 >> Host: devopsmetrics.herokuapp.com
09:34:55.491 [main] DEBUG org.apache.http.headers - http-outgoing-0 >> Connection: Keep-Alive
09:34:55.491 [main] DEBUG org.apache.http.headers - http-outgoing-0 >> User-Agent: Apache-HttpClient/4.5.12 (Java/11.0.8)
09:34:55.491 [main] DEBUG org.apache.http.headers - http-outgoing-0 >> Accept-Encoding: gzip,deflate
09:34:55.491 [main] DEBUG org.apache.http.wire - http-outgoing-0 >> "GET /usuarios?username=null&password=null HTTP/1.1[\r][\n]"
09:34:55.491 [main] DEBUG org.apache.http.wire - http-outgoing-0 >> "Host: devopsmetrics.herokuapp.com[\r][\n]"
09:34:55.491 [main] DEBUG org.apache.http.wire - http-outgoing-0 >> "Connection: Keep-Alive[\r][\n]"
09:34:55.491 [main] DEBUG org.apache.http.wire - http-outgoing-0 >> "User-Agent: Apache-HttpClient/4.5.12 (Java/11.0.8)[\r][\n]"
09:34:55.491 [main] DEBUG org.apache.http.wire - http-outgoing-0 >> "Accept-Encoding: gzip,deflate[\r][\n]"
09:34:55.491 [main] DEBUG org.apache.http.wire - http-outgoing-0 >> "[\r][\n]"
09:35:42.445 [main] DEBUG org.apache.http.wire - http-outgoing-0 << "HTTP/1.1 500 [\r][\n]"
09:35:42.445 [main] DEBUG org.apache.http.wire - http-outgoing-0 << "Server: Cowboy[\r][\n]"
09:35:42.445 [main] DEBUG org.apache.http.wire - http-outgoing-0 << "Connection: keep-alive[\r][\n]"
09:35:42.445 [main] DEBUG org.apache.http.wire - http-outgoing-0 << "Vary: Origin[\r][\n]"
09:35:42.445 [main] DEBUG org.apache.http.wire - http-outgoing-0 << "Vary: Access-Control-Request-Method[\r][\n]"
09:35:42.445 [main] DEBUG org.apache.http.wire - http-outgoing-0 << "Vary: Access-Control-Request-Headers[\r][\n]"
09:35:42.445 [main] DEBUG org.apache.http.wire - http-outgoing-0 << "Content-Type: application/json[\r][\n]"
09:35:42.445 [main] DEBUG org.apache.http.wire - http-outgoing-0 << "Transfer-Encoding: chunked[\r][\n]"
09:35:42.445 [main] DEBUG org.apache.http.wire - http-outgoing-0 << "Date: Tue, 13 Jul 2021 07:35:42 GMT[\r][\n]"
09:35:42.445 [main] DEBUG org.apache.http.wire - http-outgoing-0 << "Via: 1.1 vegur[\r][\n]"
09:35:42.445 [main] DEBUG org.apache.http.wire - http-outgoing-0 << "[\r][\n]"
09:35:42.447 [main] DEBUG org.apache.http.headers - http-outgoing-0 << HTTP/1.1 500 
09:35:42.447 [main] DEBUG org.apache.http.headers - http-outgoing-0 << Server: Cowboy
09:35:42.447 [main] DEBUG org.apache.http.headers - http-outgoing-0 << Connection: keep-alive
09:35:42.447 [main] DEBUG org.apache.http.headers - http-outgoing-0 << Vary: Origin
09:35:42.447 [main] DEBUG org.apache.http.headers - http-outgoing-0 << Vary: Access-Control-Request-Method
09:35:42.447 [main] DEBUG org.apache.http.headers - http-outgoing-0 << Vary: Access-Control-Request-Headers
09:35:42.447 [main] DEBUG org.apache.http.headers - http-outgoing-0 << Content-Type: application/json
09:35:42.447 [main] DEBUG org.apache.http.headers - http-outgoing-0 << Transfer-Encoding: chunked
09:35:42.447 [main] DEBUG org.apache.http.headers - http-outgoing-0 << Date: Tue, 13 Jul 2021 07:35:42 GMT
09:35:42.447 [main] DEBUG org.apache.http.headers - http-outgoing-0 << Via: 1.1 vegur
09:35:42.451 [main] DEBUG org.apache.http.impl.execchain.MainClientExec - Connection can be kept alive indefinitely
09:35:42.454 [main] DEBUG org.apache.http.wire - http-outgoing-0 << "7a[\r][\n]"
09:35:42.454 [main] DEBUG org.apache.http.wire - http-outgoing-0 << "{"timestamp":"2021-07-13T07:35:42.363+00:00","status":500,"error":"Internal Server Error","message":"","path":"/usuarios"}[\r][\n]"
09:35:42.454 [main] DEBUG org.apache.http.wire - http-outgoing-0 << "0[\r][\n]"
09:35:42.454 [main] DEBUG org.apache.http.wire - http-outgoing-0 << "[\r][\n]"
09:35:42.455 [main] DEBUG org.apache.http.impl.conn.PoolingHttpClientConnectionManager - Connection [id: 0][route: {s}->https://devopsmetrics.herokuapp.com:443] can be kept alive indefinitely
09:35:42.455 [main] DEBUG org.apache.http.impl.conn.DefaultManagedHttpClientConnection - http-outgoing-0: set socket timeout to 0
09:35:42.455 [main] DEBUG org.apache.http.impl.conn.PoolingHttpClientConnectionManager - Connection released: [id: 0][route: {s}->https://devopsmetrics.herokuapp.com:443][total available: 1; route allocated: 1 of 2; total allocated: 1 of 20]
  Given user is logging in the system for deleting another user                  # edu.uclm.esi.devopsmetrics.bdd.stepdefinitions.DeleteUserSteps.user_is_logging_in_the_system_for_deleting_another_user()
09:35:42.520 [Finalizer] DEBUG org.apache.http.impl.conn.PoolingHttpClientConnectionManager - Connection manager is shutting down
09:35:42.526 [Finalizer] DEBUG org.apache.http.impl.conn.DefaultManagedHttpClientConnection - http-outgoing-0: Close connection
09:35:42.538 [Finalizer] DEBUG org.apache.http.impl.conn.PoolingHttpClientConnectionManager - Connection manager shut down
  When user is correct he chooses the userId of the user to delete in the system # edu.uclm.esi.devopsmetrics.bdd.stepdefinitions.DeleteUserSteps.user_is_correct_he_chooses_the_user_id_of_the_user_to_delete_in_the_system()
      java.lang.NullPointerException
	at edu.uclm.esi.devopsmetrics.bdd.stepdefinitions.DeleteUserSteps.user_is_correct_he_chooses_the_user_id_of_the_user_to_delete_in_the_system(DeleteUserSteps.java:61)
	at âœ½.user is correct he chooses the userId of the user to delete in the system(file:///C:/Users/Crespo/eclipse-workspace/devopsmetrics/src/test/resources/features/DeleteUser.feature:5)

  Then the choosed user was deleted of the system                                # edu.uclm.esi.devopsmetrics.bdd.stepdefinitions.DeleteUserSteps.the_choosed_user_was_deleted_of_the_system()
09:35:42.627 [main] DEBUG org.springframework.test.context.cache.DefaultCacheAwareContextLoaderDelegate - Retrieved ApplicationContext [7395550] from cache with key [[MergedContextConfiguration@7cf7aee testClass = TestRunner, locations = '{}', classes = '{}', contextInitializerClasses = '[]', activeProfiles = '{}', propertySourceLocations = '{}', propertySourceProperties = '{}', contextCustomizers = set[org.springframework.boot.test.context.filter.ExcludeFilterContextCustomizer@6a175569, org.springframework.boot.test.json.DuplicateJsonObjectContextCustomizerFactory$DuplicateJsonObjectContextCustomizer@11ee02f8, org.springframework.boot.test.mock.mockito.MockitoContextCustomizer@0, org.springframework.boot.test.autoconfigure.properties.PropertyMappingContextCustomizer@0, org.springframework.boot.test.autoconfigure.web.servlet.WebDriverContextCustomizerFactory$Customizer@159e366], contextLoader = 'org.springframework.test.context.support.DelegatingSmartContextLoader', parent = [null]]]
09:35:42.627 [main] DEBUG org.springframework.test.context.cache - Spring test ApplicationContext cache statistics: [DefaultContextCache@42c2f48c size = 1, maxSize = 32, parentContextCount = 0, hitCount = 2, missCount = 1]
09:35:42.627 [main] DEBUG org.springframework.test.context.support.AbstractDirtiesContextTestExecutionListener - After test class: context [DefaultTestContext@76954a33 testClass = TestRunner, testInstance = [null], testMethod = [null], testException = [null], mergedContextConfiguration = [MergedContextConfiguration@7cf7aee testClass = TestRunner, locations = '{}', classes = '{}', contextInitializerClasses = '[]', activeProfiles = '{}', propertySourceLocations = '{}', propertySourceProperties = '{}', contextCustomizers = set[org.springframework.boot.test.context.filter.ExcludeFilterContextCustomizer@6a175569, org.springframework.boot.test.json.DuplicateJsonObjectContextCustomizerFactory$DuplicateJsonObjectContextCustomizer@11ee02f8, org.springframework.boot.test.mock.mockito.MockitoContextCustomizer@0, org.springframework.boot.test.autoconfigure.properties.PropertyMappingContextCustomizer@0, org.springframework.boot.test.autoconfigure.web.servlet.WebDriverContextCustomizerFactory$Customizer@159e366], contextLoader = 'org.springframework.test.context.support.DelegatingSmartContextLoader', parent = [null]], attributes = map[[empty]]], class annotated with @DirtiesContext [false] with mode [null].
]]></system-out>
  </testcase>
  <testcase name="{feature to test the function to get all branches from a repository by his owner}" classname="edu.uclm.esi.devopsmetrics.bdd.TestRunner" time="0.258">
    <error type="java.lang.NullPointerException">java.lang.NullPointerException
</error>
    <system-out><![CDATA[09:35:42.633 [main] DEBUG org.springframework.test.context.BootstrapUtils - Instantiating CacheAwareContextLoaderDelegate from class [org.springframework.test.context.cache.DefaultCacheAwareContextLoaderDelegate]
09:35:42.633 [main] DEBUG org.springframework.test.context.BootstrapUtils - Instantiating BootstrapContext using constructor [public org.springframework.test.context.support.DefaultBootstrapContext(java.lang.Class,org.springframework.test.context.CacheAwareContextLoaderDelegate)]
09:35:42.634 [main] DEBUG org.springframework.test.context.BootstrapUtils - Instantiating TestContextBootstrapper for test class [edu.uclm.esi.devopsmetrics.bdd.TestRunner] from class [org.springframework.test.context.support.DefaultTestContextBootstrapper]
09:35:42.634 [main] INFO org.springframework.test.context.support.DefaultTestContextBootstrapper - Neither @ContextConfiguration nor @ContextHierarchy found for test class [edu.uclm.esi.devopsmetrics.bdd.TestRunner], using DelegatingSmartContextLoader
09:35:42.634 [main] DEBUG org.springframework.test.context.support.AbstractDelegatingSmartContextLoader - Delegating to GenericXmlContextLoader to process context configuration [ContextConfigurationAttributes@5b275811 declaringClass = 'edu.uclm.esi.devopsmetrics.bdd.TestRunner', classes = '{}', locations = '{}', inheritLocations = false, initializers = '{}', inheritInitializers = true, name = [null], contextLoaderClass = 'org.springframework.test.context.ContextLoader'].
09:35:42.635 [main] DEBUG org.springframework.test.context.support.AbstractContextLoader - Did not detect default resource location for test class [edu.uclm.esi.devopsmetrics.bdd.TestRunner]: class path resource [edu/uclm/esi/devopsmetrics/bdd/TestRunner-context.xml] does not exist
09:35:42.635 [main] INFO org.springframework.test.context.support.AbstractContextLoader - Could not detect default resource locations for test class [edu.uclm.esi.devopsmetrics.bdd.TestRunner]: no resource found for suffixes {-context.xml}.
09:35:42.635 [main] DEBUG org.springframework.test.context.support.AbstractDelegatingSmartContextLoader - Delegating to AnnotationConfigContextLoader to process context configuration [ContextConfigurationAttributes@5b275811 declaringClass = 'edu.uclm.esi.devopsmetrics.bdd.TestRunner', classes = '{}', locations = '{}', inheritLocations = false, initializers = '{}', inheritInitializers = true, name = [null], contextLoaderClass = 'org.springframework.test.context.ContextLoader'].
09:35:42.635 [main] INFO org.springframework.test.context.support.AnnotationConfigContextLoaderUtils - Could not detect default configuration classes for test class [edu.uclm.esi.devopsmetrics.bdd.TestRunner]: TestRunner does not declare any static, non-private, non-final, nested classes annotated with @Configuration.
09:35:42.636 [main] DEBUG org.springframework.test.context.support.ActiveProfilesUtils - Could not find an 'annotation declaring class' for annotation type [org.springframework.test.context.ActiveProfiles] and class [edu.uclm.esi.devopsmetrics.bdd.TestRunner]
09:35:42.637 [main] DEBUG org.springframework.test.context.support.DefaultTestContextBootstrapper - @TestExecutionListeners is not present for class [edu.uclm.esi.devopsmetrics.bdd.TestRunner]: using defaults.
09:35:42.637 [main] INFO org.springframework.test.context.support.DefaultTestContextBootstrapper - Loaded default TestExecutionListener class names from location [META-INF/spring.factories]: [org.springframework.boot.test.mock.mockito.MockitoTestExecutionListener, org.springframework.boot.test.mock.mockito.ResetMocksTestExecutionListener, org.springframework.boot.test.autoconfigure.restdocs.RestDocsTestExecutionListener, org.springframework.boot.test.autoconfigure.web.client.MockRestServiceServerResetTestExecutionListener, org.springframework.boot.test.autoconfigure.web.servlet.MockMvcPrintOnlyOnFailureTestExecutionListener, org.springframework.boot.test.autoconfigure.web.servlet.WebDriverTestExecutionListener, org.springframework.boot.test.autoconfigure.webservices.client.MockWebServiceServerTestExecutionListener, org.springframework.test.context.web.ServletTestExecutionListener, org.springframework.test.context.support.DirtiesContextBeforeModesTestExecutionListener, org.springframework.test.context.support.DependencyInjectionTestExecutionListener, org.springframework.test.context.support.DirtiesContextTestExecutionListener, org.springframework.test.context.transaction.TransactionalTestExecutionListener, org.springframework.test.context.jdbc.SqlScriptsTestExecutionListener, org.springframework.test.context.event.EventPublishingTestExecutionListener]
09:35:42.637 [main] INFO org.springframework.test.context.support.DefaultTestContextBootstrapper - Using TestExecutionListeners: [org.springframework.test.context.web.ServletTestExecutionListener@2f0ed952, org.springframework.test.context.support.DirtiesContextBeforeModesTestExecutionListener@6f044c58, org.springframework.boot.test.mock.mockito.MockitoTestExecutionListener@6d074b14, org.springframework.test.context.support.DependencyInjectionTestExecutionListener@c017175, org.springframework.test.context.support.DirtiesContextTestExecutionListener@559cedee, org.springframework.test.context.transaction.TransactionalTestExecutionListener@18371d89, org.springframework.test.context.jdbc.SqlScriptsTestExecutionListener@4f3faa70, org.springframework.test.context.event.EventPublishingTestExecutionListener@4832f03b, org.springframework.boot.test.mock.mockito.ResetMocksTestExecutionListener@7af3874e, org.springframework.boot.test.autoconfigure.restdocs.RestDocsTestExecutionListener@5a8816cc, org.springframework.boot.test.autoconfigure.web.client.MockRestServiceServerResetTestExecutionListener@68565bc7, org.springframework.boot.test.autoconfigure.web.servlet.MockMvcPrintOnlyOnFailureTestExecutionListener@37baddde, org.springframework.boot.test.autoconfigure.web.servlet.WebDriverTestExecutionListener@5115f590, org.springframework.boot.test.autoconfigure.webservices.client.MockWebServiceServerTestExecutionListener@4b31a708]
09:35:42.637 [main] DEBUG org.springframework.test.context.cache.DefaultCacheAwareContextLoaderDelegate - Retrieved ApplicationContext [7395550] from cache with key [[MergedContextConfiguration@11e355ca testClass = TestRunner, locations = '{}', classes = '{}', contextInitializerClasses = '[]', activeProfiles = '{}', propertySourceLocations = '{}', propertySourceProperties = '{}', contextCustomizers = set[org.springframework.boot.test.context.filter.ExcludeFilterContextCustomizer@6a175569, org.springframework.boot.test.json.DuplicateJsonObjectContextCustomizerFactory$DuplicateJsonObjectContextCustomizer@11ee02f8, org.springframework.boot.test.mock.mockito.MockitoContextCustomizer@0, org.springframework.boot.test.autoconfigure.properties.PropertyMappingContextCustomizer@0, org.springframework.boot.test.autoconfigure.web.servlet.WebDriverContextCustomizerFactory$Customizer@159e366], contextLoader = 'org.springframework.test.context.support.DelegatingSmartContextLoader', parent = [null]]]
09:35:42.637 [main] DEBUG org.springframework.test.context.cache - Spring test ApplicationContext cache statistics: [DefaultContextCache@42c2f48c size = 1, maxSize = 32, parentContextCount = 0, hitCount = 3, missCount = 1]
09:35:42.637 [main] DEBUG org.springframework.beans.factory.support.DefaultListableBeanFactory - Replacing scope 'cucumber-glue' from [io.cucumber.spring.CucumberScenarioScope@70d63e05] to [io.cucumber.spring.CucumberScenarioScope@e11ecfa]
09:35:42.637 [main] DEBUG org.springframework.test.context.support.AbstractDirtiesContextTestExecutionListener - Before test class: context [DefaultTestContext@485e13d7 testClass = TestRunner, testInstance = [null], testMethod = [null], testException = [null], mergedContextConfiguration = [MergedContextConfiguration@11e355ca testClass = TestRunner, locations = '{}', classes = '{}', contextInitializerClasses = '[]', activeProfiles = '{}', propertySourceLocations = '{}', propertySourceProperties = '{}', contextCustomizers = set[org.springframework.boot.test.context.filter.ExcludeFilterContextCustomizer@6a175569, org.springframework.boot.test.json.DuplicateJsonObjectContextCustomizerFactory$DuplicateJsonObjectContextCustomizer@11ee02f8, org.springframework.boot.test.mock.mockito.MockitoContextCustomizer@0, org.springframework.boot.test.autoconfigure.properties.PropertyMappingContextCustomizer@0, org.springframework.boot.test.autoconfigure.web.servlet.WebDriverContextCustomizerFactory$Customizer@159e366], contextLoader = 'org.springframework.test.context.support.DelegatingSmartContextLoader', parent = [null]], attributes = map[[empty]]], class annotated with @DirtiesContext [false] with mode [null].
09:35:42.637 [main] DEBUG org.springframework.test.context.cache.DefaultCacheAwareContextLoaderDelegate - Retrieved ApplicationContext [7395550] from cache with key [[MergedContextConfiguration@11e355ca testClass = TestRunner, locations = '{}', classes = '{}', contextInitializerClasses = '[]', activeProfiles = '{}', propertySourceLocations = '{}', propertySourceProperties = '{}', contextCustomizers = set[org.springframework.boot.test.context.filter.ExcludeFilterContextCustomizer@6a175569, org.springframework.boot.test.json.DuplicateJsonObjectContextCustomizerFactory$DuplicateJsonObjectContextCustomizer@11ee02f8, org.springframework.boot.test.mock.mockito.MockitoContextCustomizer@0, org.springframework.boot.test.autoconfigure.properties.PropertyMappingContextCustomizer@0, org.springframework.boot.test.autoconfigure.web.servlet.WebDriverContextCustomizerFactory$Customizer@159e366], contextLoader = 'org.springframework.test.context.support.DelegatingSmartContextLoader', parent = [null]]]
09:35:42.638 [main] DEBUG org.springframework.test.context.cache - Spring test ApplicationContext cache statistics: [DefaultContextCache@42c2f48c size = 1, maxSize = 32, parentContextCount = 0, hitCount = 4, missCount = 1]

Scenario:                                                                                     # src/test/resources/features/GetAllBranches.feature:3
09:35:42.655 [main] DEBUG org.apache.http.client.protocol.RequestAddCookies - CookieSpec selected: default
09:35:42.656 [main] DEBUG org.apache.http.client.protocol.RequestAuthCache - Auth cache not set in the context
09:35:42.656 [main] DEBUG org.apache.http.impl.conn.PoolingHttpClientConnectionManager - Connection request: [route: {s}->https://devopsmetrics.herokuapp.com:443][total available: 0; route allocated: 0 of 2; total allocated: 0 of 20]
09:35:42.656 [main] DEBUG org.apache.http.impl.conn.PoolingHttpClientConnectionManager - Connection leased: [id: 1][route: {s}->https://devopsmetrics.herokuapp.com:443][total available: 0; route allocated: 1 of 2; total allocated: 1 of 20]
09:35:42.656 [main] DEBUG org.apache.http.impl.execchain.MainClientExec - Opening connection {s}->https://devopsmetrics.herokuapp.com:443
09:35:42.657 [main] DEBUG org.apache.http.impl.conn.DefaultHttpClientConnectionOperator - Connecting to devopsmetrics.herokuapp.com/34.240.218.59:443
09:35:42.657 [main] DEBUG org.apache.http.conn.ssl.SSLConnectionSocketFactory - Connecting socket to devopsmetrics.herokuapp.com/34.240.218.59:443 with timeout 0
09:35:42.700 [main] DEBUG org.apache.http.conn.ssl.SSLConnectionSocketFactory - Enabled protocols: [TLSv1.3, TLSv1.2, TLSv1.1, TLSv1]
09:35:42.700 [main] DEBUG org.apache.http.conn.ssl.SSLConnectionSocketFactory - Enabled cipher suites:[TLS_AES_128_GCM_SHA256, TLS_AES_256_GCM_SHA384, TLS_ECDHE_ECDSA_WITH_AES_256_GCM_SHA384, TLS_ECDHE_ECDSA_WITH_AES_128_GCM_SHA256, TLS_ECDHE_RSA_WITH_AES_256_GCM_SHA384, TLS_RSA_WITH_AES_256_GCM_SHA384, TLS_ECDH_ECDSA_WITH_AES_256_GCM_SHA384, TLS_ECDH_RSA_WITH_AES_256_GCM_SHA384, TLS_DHE_RSA_WITH_AES_256_GCM_SHA384, TLS_DHE_DSS_WITH_AES_256_GCM_SHA384, TLS_ECDHE_RSA_WITH_AES_128_GCM_SHA256, TLS_RSA_WITH_AES_128_GCM_SHA256, TLS_ECDH_ECDSA_WITH_AES_128_GCM_SHA256, TLS_ECDH_RSA_WITH_AES_128_GCM_SHA256, TLS_DHE_RSA_WITH_AES_128_GCM_SHA256, TLS_DHE_DSS_WITH_AES_128_GCM_SHA256, TLS_ECDHE_ECDSA_WITH_AES_256_CBC_SHA384, TLS_ECDHE_RSA_WITH_AES_256_CBC_SHA384, TLS_RSA_WITH_AES_256_CBC_SHA256, TLS_ECDH_ECDSA_WITH_AES_256_CBC_SHA384, TLS_ECDH_RSA_WITH_AES_256_CBC_SHA384, TLS_DHE_RSA_WITH_AES_256_CBC_SHA256, TLS_DHE_DSS_WITH_AES_256_CBC_SHA256, TLS_ECDHE_ECDSA_WITH_AES_256_CBC_SHA, TLS_ECDHE_RSA_WITH_AES_256_CBC_SHA, TLS_RSA_WITH_AES_256_CBC_SHA, TLS_ECDH_ECDSA_WITH_AES_256_CBC_SHA, TLS_ECDH_RSA_WITH_AES_256_CBC_SHA, TLS_DHE_RSA_WITH_AES_256_CBC_SHA, TLS_DHE_DSS_WITH_AES_256_CBC_SHA, TLS_ECDHE_ECDSA_WITH_AES_128_CBC_SHA256, TLS_ECDHE_RSA_WITH_AES_128_CBC_SHA256, TLS_RSA_WITH_AES_128_CBC_SHA256, TLS_ECDH_ECDSA_WITH_AES_128_CBC_SHA256, TLS_ECDH_RSA_WITH_AES_128_CBC_SHA256, TLS_DHE_RSA_WITH_AES_128_CBC_SHA256, TLS_DHE_DSS_WITH_AES_128_CBC_SHA256, TLS_ECDHE_ECDSA_WITH_AES_128_CBC_SHA, TLS_ECDHE_RSA_WITH_AES_128_CBC_SHA, TLS_RSA_WITH_AES_128_CBC_SHA, TLS_ECDH_ECDSA_WITH_AES_128_CBC_SHA, TLS_ECDH_RSA_WITH_AES_128_CBC_SHA, TLS_DHE_RSA_WITH_AES_128_CBC_SHA, TLS_DHE_DSS_WITH_AES_128_CBC_SHA, TLS_EMPTY_RENEGOTIATION_INFO_SCSV]
09:35:42.700 [main] DEBUG org.apache.http.conn.ssl.SSLConnectionSocketFactory - Starting handshake
09:35:42.792 [main] DEBUG org.apache.http.conn.ssl.SSLConnectionSocketFactory - Secure session established
09:35:42.792 [main] DEBUG org.apache.http.conn.ssl.SSLConnectionSocketFactory -  negotiated protocol: TLSv1.2
09:35:42.792 [main] DEBUG org.apache.http.conn.ssl.SSLConnectionSocketFactory -  negotiated cipher suite: TLS_ECDHE_RSA_WITH_AES_128_GCM_SHA256
09:35:42.792 [main] DEBUG org.apache.http.conn.ssl.SSLConnectionSocketFactory -  peer principal: CN=*.herokuapp.com
09:35:42.792 [main] DEBUG org.apache.http.conn.ssl.SSLConnectionSocketFactory -  peer alternative names: [*.herokuapp.com]
09:35:42.792 [main] DEBUG org.apache.http.conn.ssl.SSLConnectionSocketFactory -  issuer principal: CN=Amazon, OU=Server CA 1B, O=Amazon, C=US
09:35:42.792 [main] DEBUG org.apache.http.impl.conn.DefaultHttpClientConnectionOperator - Connection established 192.168.1.45:64993<->34.240.218.59:443
09:35:42.792 [main] DEBUG org.apache.http.impl.execchain.MainClientExec - Executing request GET /usuarios?username=null&password=null HTTP/1.1
09:35:42.792 [main] DEBUG org.apache.http.impl.execchain.MainClientExec - Target auth state: UNCHALLENGED
09:35:42.792 [main] DEBUG org.apache.http.impl.execchain.MainClientExec - Proxy auth state: UNCHALLENGED
09:35:42.792 [main] DEBUG org.apache.http.headers - http-outgoing-1 >> GET /usuarios?username=null&password=null HTTP/1.1
09:35:42.792 [main] DEBUG org.apache.http.headers - http-outgoing-1 >> Host: devopsmetrics.herokuapp.com
09:35:42.792 [main] DEBUG org.apache.http.headers - http-outgoing-1 >> Connection: Keep-Alive
09:35:42.792 [main] DEBUG org.apache.http.headers - http-outgoing-1 >> User-Agent: Apache-HttpClient/4.5.12 (Java/11.0.8)
09:35:42.792 [main] DEBUG org.apache.http.headers - http-outgoing-1 >> Accept-Encoding: gzip,deflate
09:35:42.792 [main] DEBUG org.apache.http.wire - http-outgoing-1 >> "GET /usuarios?username=null&password=null HTTP/1.1[\r][\n]"
09:35:42.792 [main] DEBUG org.apache.http.wire - http-outgoing-1 >> "Host: devopsmetrics.herokuapp.com[\r][\n]"
09:35:42.792 [main] DEBUG org.apache.http.wire - http-outgoing-1 >> "Connection: Keep-Alive[\r][\n]"
09:35:42.792 [main] DEBUG org.apache.http.wire - http-outgoing-1 >> "User-Agent: Apache-HttpClient/4.5.12 (Java/11.0.8)[\r][\n]"
09:35:42.792 [main] DEBUG org.apache.http.wire - http-outgoing-1 >> "Accept-Encoding: gzip,deflate[\r][\n]"
09:35:42.792 [main] DEBUG org.apache.http.wire - http-outgoing-1 >> "[\r][\n]"
09:35:42.879 [main] DEBUG org.apache.http.wire - http-outgoing-1 << "HTTP/1.1 500 [\r][\n]"
09:35:42.880 [main] DEBUG org.apache.http.wire - http-outgoing-1 << "Server: Cowboy[\r][\n]"
09:35:42.880 [main] DEBUG org.apache.http.wire - http-outgoing-1 << "Connection: keep-alive[\r][\n]"
09:35:42.880 [main] DEBUG org.apache.http.wire - http-outgoing-1 << "Vary: Origin[\r][\n]"
09:35:42.880 [main] DEBUG org.apache.http.wire - http-outgoing-1 << "Vary: Access-Control-Request-Method[\r][\n]"
09:35:42.880 [main] DEBUG org.apache.http.wire - http-outgoing-1 << "Vary: Access-Control-Request-Headers[\r][\n]"
09:35:42.880 [main] DEBUG org.apache.http.wire - http-outgoing-1 << "Content-Type: application/json[\r][\n]"
09:35:42.880 [main] DEBUG org.apache.http.wire - http-outgoing-1 << "Transfer-Encoding: chunked[\r][\n]"
09:35:42.880 [main] DEBUG org.apache.http.wire - http-outgoing-1 << "Date: Tue, 13 Jul 2021 07:35:42 GMT[\r][\n]"
09:35:42.880 [main] DEBUG org.apache.http.wire - http-outgoing-1 << "Via: 1.1 vegur[\r][\n]"
09:35:42.880 [main] DEBUG org.apache.http.wire - http-outgoing-1 << "[\r][\n]"
09:35:42.880 [main] DEBUG org.apache.http.headers - http-outgoing-1 << HTTP/1.1 500 
09:35:42.880 [main] DEBUG org.apache.http.headers - http-outgoing-1 << Server: Cowboy
09:35:42.880 [main] DEBUG org.apache.http.headers - http-outgoing-1 << Connection: keep-alive
09:35:42.880 [main] DEBUG org.apache.http.headers - http-outgoing-1 << Vary: Origin
09:35:42.880 [main] DEBUG org.apache.http.headers - http-outgoing-1 << Vary: Access-Control-Request-Method
09:35:42.880 [main] DEBUG org.apache.http.headers - http-outgoing-1 << Vary: Access-Control-Request-Headers
09:35:42.880 [main] DEBUG org.apache.http.headers - http-outgoing-1 << Content-Type: application/json
09:35:42.880 [main] DEBUG org.apache.http.headers - http-outgoing-1 << Transfer-Encoding: chunked
09:35:42.880 [main] DEBUG org.apache.http.headers - http-outgoing-1 << Date: Tue, 13 Jul 2021 07:35:42 GMT
09:35:42.880 [main] DEBUG org.apache.http.headers - http-outgoing-1 << Via: 1.1 vegur
09:35:42.881 [main] DEBUG org.apache.http.impl.execchain.MainClientExec - Connection can be kept alive indefinitely
09:35:42.882 [main] DEBUG org.apache.http.wire - http-outgoing-1 << "7a[\r][\n]"
09:35:42.882 [main] DEBUG org.apache.http.wire - http-outgoing-1 << "{"timestamp":"2021-07-13T07:35:42.897+00:00","status":500,"error":"Internal Server Error","message":"","path":"/usuarios"}[\r][\n]"
09:35:42.882 [main] DEBUG org.apache.http.wire - http-outgoing-1 << "0[\r][\n]"
09:35:42.882 [main] DEBUG org.apache.http.wire - http-outgoing-1 << "[\r][\n]"
09:35:42.882 [main] DEBUG org.apache.http.impl.conn.PoolingHttpClientConnectionManager - Connection [id: 1][route: {s}->https://devopsmetrics.herokuapp.com:443] can be kept alive indefinitely
09:35:42.882 [main] DEBUG org.apache.http.impl.conn.DefaultManagedHttpClientConnection - http-outgoing-1: set socket timeout to 0
09:35:42.882 [main] DEBUG org.apache.http.impl.conn.PoolingHttpClientConnectionManager - Connection released: [id: 1][route: {s}->https://devopsmetrics.herokuapp.com:443][total available: 1; route allocated: 1 of 2; total allocated: 1 of 20]
  Given user is logging in the system for getting all branches from a repository by his owner # edu.uclm.esi.devopsmetrics.bdd.stepdefinitions.GetAllBranchesSteps.user_is_logging_in_the_system_for_getting_all_branches_from_a_repository_by_his_owner()
  When user is correct he requests all branches from a repository by his owner                # edu.uclm.esi.devopsmetrics.bdd.stepdefinitions.GetAllBranchesSteps.user_is_correct_he_requests_all_branches_from_a_repository_by_his_owner()
      java.lang.NullPointerException
	at edu.uclm.esi.devopsmetrics.bdd.stepdefinitions.GetAllBranchesSteps.user_is_correct_he_requests_all_branches_from_a_repository_by_his_owner(GetAllBranchesSteps.java:63)
	at âœ½.user is correct he requests all branches from a repository by his owner(file:///C:/Users/Crespo/eclipse-workspace/devopsmetrics/src/test/resources/features/GetAllBranches.feature:5)

  Then the user gets all branches from a repository by his owner                              # edu.uclm.esi.devopsmetrics.bdd.stepdefinitions.GetAllBranchesSteps.the_user_gets_all_branches_from_a_repository_by_his_owner()
09:35:42.884 [main] DEBUG org.springframework.test.context.cache.DefaultCacheAwareContextLoaderDelegate - Retrieved ApplicationContext [7395550] from cache with key [[MergedContextConfiguration@11e355ca testClass = TestRunner, locations = '{}', classes = '{}', contextInitializerClasses = '[]', activeProfiles = '{}', propertySourceLocations = '{}', propertySourceProperties = '{}', contextCustomizers = set[org.springframework.boot.test.context.filter.ExcludeFilterContextCustomizer@6a175569, org.springframework.boot.test.json.DuplicateJsonObjectContextCustomizerFactory$DuplicateJsonObjectContextCustomizer@11ee02f8, org.springframework.boot.test.mock.mockito.MockitoContextCustomizer@0, org.springframework.boot.test.autoconfigure.properties.PropertyMappingContextCustomizer@0, org.springframework.boot.test.autoconfigure.web.servlet.WebDriverContextCustomizerFactory$Customizer@159e366], contextLoader = 'org.springframework.test.context.support.DelegatingSmartContextLoader', parent = [null]]]
09:35:42.884 [main] DEBUG org.springframework.test.context.cache - Spring test ApplicationContext cache statistics: [DefaultContextCache@42c2f48c size = 1, maxSize = 32, parentContextCount = 0, hitCount = 5, missCount = 1]
09:35:42.884 [main] DEBUG org.springframework.test.context.support.AbstractDirtiesContextTestExecutionListener - After test class: context [DefaultTestContext@485e13d7 testClass = TestRunner, testInstance = [null], testMethod = [null], testException = [null], mergedContextConfiguration = [MergedContextConfiguration@11e355ca testClass = TestRunner, locations = '{}', classes = '{}', contextInitializerClasses = '[]', activeProfiles = '{}', propertySourceLocations = '{}', propertySourceProperties = '{}', contextCustomizers = set[org.springframework.boot.test.context.filter.ExcludeFilterContextCustomizer@6a175569, org.springframework.boot.test.json.DuplicateJsonObjectContextCustomizerFactory$DuplicateJsonObjectContextCustomizer@11ee02f8, org.springframework.boot.test.mock.mockito.MockitoContextCustomizer@0, org.springframework.boot.test.autoconfigure.properties.PropertyMappingContextCustomizer@0, org.springframework.boot.test.autoconfigure.web.servlet.WebDriverContextCustomizerFactory$Customizer@159e366], contextLoader = 'org.springframework.test.context.support.DelegatingSmartContextLoader', parent = [null]], attributes = map[[empty]]], class annotated with @DirtiesContext [false] with mode [null].
]]></system-out>
  </testcase>
  <testcase name="{feature to test the function to get all commits from a repository by his owner}" classname="edu.uclm.esi.devopsmetrics.bdd.TestRunner" time="0.267">
    <error type="java.lang.NullPointerException">java.lang.NullPointerException
</error>
    <system-out><![CDATA[09:35:42.885 [main] DEBUG org.springframework.test.context.BootstrapUtils - Instantiating CacheAwareContextLoaderDelegate from class [org.springframework.test.context.cache.DefaultCacheAwareContextLoaderDelegate]
09:35:42.885 [main] DEBUG org.springframework.test.context.BootstrapUtils - Instantiating BootstrapContext using constructor [public org.springframework.test.context.support.DefaultBootstrapContext(java.lang.Class,org.springframework.test.context.CacheAwareContextLoaderDelegate)]
09:35:42.885 [main] DEBUG org.springframework.test.context.BootstrapUtils - Instantiating TestContextBootstrapper for test class [edu.uclm.esi.devopsmetrics.bdd.TestRunner] from class [org.springframework.test.context.support.DefaultTestContextBootstrapper]
09:35:42.886 [main] INFO org.springframework.test.context.support.DefaultTestContextBootstrapper - Neither @ContextConfiguration nor @ContextHierarchy found for test class [edu.uclm.esi.devopsmetrics.bdd.TestRunner], using DelegatingSmartContextLoader
09:35:42.886 [main] DEBUG org.springframework.test.context.support.AbstractDelegatingSmartContextLoader - Delegating to GenericXmlContextLoader to process context configuration [ContextConfigurationAttributes@78a515e4 declaringClass = 'edu.uclm.esi.devopsmetrics.bdd.TestRunner', classes = '{}', locations = '{}', inheritLocations = false, initializers = '{}', inheritInitializers = true, name = [null], contextLoaderClass = 'org.springframework.test.context.ContextLoader'].
09:35:42.886 [main] DEBUG org.springframework.test.context.support.AbstractContextLoader - Did not detect default resource location for test class [edu.uclm.esi.devopsmetrics.bdd.TestRunner]: class path resource [edu/uclm/esi/devopsmetrics/bdd/TestRunner-context.xml] does not exist
09:35:42.887 [main] INFO org.springframework.test.context.support.AbstractContextLoader - Could not detect default resource locations for test class [edu.uclm.esi.devopsmetrics.bdd.TestRunner]: no resource found for suffixes {-context.xml}.
09:35:42.887 [main] DEBUG org.springframework.test.context.support.AbstractDelegatingSmartContextLoader - Delegating to AnnotationConfigContextLoader to process context configuration [ContextConfigurationAttributes@78a515e4 declaringClass = 'edu.uclm.esi.devopsmetrics.bdd.TestRunner', classes = '{}', locations = '{}', inheritLocations = false, initializers = '{}', inheritInitializers = true, name = [null], contextLoaderClass = 'org.springframework.test.context.ContextLoader'].
09:35:42.887 [main] INFO org.springframework.test.context.support.AnnotationConfigContextLoaderUtils - Could not detect default configuration classes for test class [edu.uclm.esi.devopsmetrics.bdd.TestRunner]: TestRunner does not declare any static, non-private, non-final, nested classes annotated with @Configuration.
09:35:42.888 [main] DEBUG org.springframework.test.context.support.ActiveProfilesUtils - Could not find an 'annotation declaring class' for annotation type [org.springframework.test.context.ActiveProfiles] and class [edu.uclm.esi.devopsmetrics.bdd.TestRunner]
09:35:42.888 [main] DEBUG org.springframework.test.context.support.DefaultTestContextBootstrapper - @TestExecutionListeners is not present for class [edu.uclm.esi.devopsmetrics.bdd.TestRunner]: using defaults.
09:35:42.888 [main] INFO org.springframework.test.context.support.DefaultTestContextBootstrapper - Loaded default TestExecutionListener class names from location [META-INF/spring.factories]: [org.springframework.boot.test.mock.mockito.MockitoTestExecutionListener, org.springframework.boot.test.mock.mockito.ResetMocksTestExecutionListener, org.springframework.boot.test.autoconfigure.restdocs.RestDocsTestExecutionListener, org.springframework.boot.test.autoconfigure.web.client.MockRestServiceServerResetTestExecutionListener, org.springframework.boot.test.autoconfigure.web.servlet.MockMvcPrintOnlyOnFailureTestExecutionListener, org.springframework.boot.test.autoconfigure.web.servlet.WebDriverTestExecutionListener, org.springframework.boot.test.autoconfigure.webservices.client.MockWebServiceServerTestExecutionListener, org.springframework.test.context.web.ServletTestExecutionListener, org.springframework.test.context.support.DirtiesContextBeforeModesTestExecutionListener, org.springframework.test.context.support.DependencyInjectionTestExecutionListener, org.springframework.test.context.support.DirtiesContextTestExecutionListener, org.springframework.test.context.transaction.TransactionalTestExecutionListener, org.springframework.test.context.jdbc.SqlScriptsTestExecutionListener, org.springframework.test.context.event.EventPublishingTestExecutionListener]
09:35:42.889 [main] INFO org.springframework.test.context.support.DefaultTestContextBootstrapper - Using TestExecutionListeners: [org.springframework.test.context.web.ServletTestExecutionListener@d2291de, org.springframework.test.context.support.DirtiesContextBeforeModesTestExecutionListener@51c8f62c, org.springframework.boot.test.mock.mockito.MockitoTestExecutionListener@41a374be, org.springframework.test.context.support.DependencyInjectionTestExecutionListener@11f9535b, org.springframework.test.context.support.DirtiesContextTestExecutionListener@8cc8cdb, org.springframework.test.context.transaction.TransactionalTestExecutionListener@1e236278, org.springframework.test.context.jdbc.SqlScriptsTestExecutionListener@44fff386, org.springframework.test.context.event.EventPublishingTestExecutionListener@1fc713c9, org.springframework.boot.test.mock.mockito.ResetMocksTestExecutionListener@7301eebe, org.springframework.boot.test.autoconfigure.restdocs.RestDocsTestExecutionListener@76b47204, org.springframework.boot.test.autoconfigure.web.client.MockRestServiceServerResetTestExecutionListener@4d6ccc97, org.springframework.boot.test.autoconfigure.web.servlet.MockMvcPrintOnlyOnFailureTestExecutionListener@6a12c7a8, org.springframework.boot.test.autoconfigure.web.servlet.WebDriverTestExecutionListener@161aa04a, org.springframework.boot.test.autoconfigure.webservices.client.MockWebServiceServerTestExecutionListener@436bd4df]
09:35:42.889 [main] DEBUG org.springframework.test.context.cache.DefaultCacheAwareContextLoaderDelegate - Retrieved ApplicationContext [7395550] from cache with key [[MergedContextConfiguration@6848a051 testClass = TestRunner, locations = '{}', classes = '{}', contextInitializerClasses = '[]', activeProfiles = '{}', propertySourceLocations = '{}', propertySourceProperties = '{}', contextCustomizers = set[org.springframework.boot.test.context.filter.ExcludeFilterContextCustomizer@6a175569, org.springframework.boot.test.json.DuplicateJsonObjectContextCustomizerFactory$DuplicateJsonObjectContextCustomizer@11ee02f8, org.springframework.boot.test.mock.mockito.MockitoContextCustomizer@0, org.springframework.boot.test.autoconfigure.properties.PropertyMappingContextCustomizer@0, org.springframework.boot.test.autoconfigure.web.servlet.WebDriverContextCustomizerFactory$Customizer@159e366], contextLoader = 'org.springframework.test.context.support.DelegatingSmartContextLoader', parent = [null]]]
09:35:42.889 [main] DEBUG org.springframework.test.context.cache - Spring test ApplicationContext cache statistics: [DefaultContextCache@42c2f48c size = 1, maxSize = 32, parentContextCount = 0, hitCount = 6, missCount = 1]
09:35:42.889 [main] DEBUG org.springframework.beans.factory.support.DefaultListableBeanFactory - Replacing scope 'cucumber-glue' from [io.cucumber.spring.CucumberScenarioScope@e11ecfa] to [io.cucumber.spring.CucumberScenarioScope@149b0577]
09:35:42.889 [main] DEBUG org.springframework.test.context.support.AbstractDirtiesContextTestExecutionListener - Before test class: context [DefaultTestContext@5740ff5e testClass = TestRunner, testInstance = [null], testMethod = [null], testException = [null], mergedContextConfiguration = [MergedContextConfiguration@6848a051 testClass = TestRunner, locations = '{}', classes = '{}', contextInitializerClasses = '[]', activeProfiles = '{}', propertySourceLocations = '{}', propertySourceProperties = '{}', contextCustomizers = set[org.springframework.boot.test.context.filter.ExcludeFilterContextCustomizer@6a175569, org.springframework.boot.test.json.DuplicateJsonObjectContextCustomizerFactory$DuplicateJsonObjectContextCustomizer@11ee02f8, org.springframework.boot.test.mock.mockito.MockitoContextCustomizer@0, org.springframework.boot.test.autoconfigure.properties.PropertyMappingContextCustomizer@0, org.springframework.boot.test.autoconfigure.web.servlet.WebDriverContextCustomizerFactory$Customizer@159e366], contextLoader = 'org.springframework.test.context.support.DelegatingSmartContextLoader', parent = [null]], attributes = map[[empty]]], class annotated with @DirtiesContext [false] with mode [null].
09:35:42.889 [main] DEBUG org.springframework.test.context.cache.DefaultCacheAwareContextLoaderDelegate - Retrieved ApplicationContext [7395550] from cache with key [[MergedContextConfiguration@6848a051 testClass = TestRunner, locations = '{}', classes = '{}', contextInitializerClasses = '[]', activeProfiles = '{}', propertySourceLocations = '{}', propertySourceProperties = '{}', contextCustomizers = set[org.springframework.boot.test.context.filter.ExcludeFilterContextCustomizer@6a175569, org.springframework.boot.test.json.DuplicateJsonObjectContextCustomizerFactory$DuplicateJsonObjectContextCustomizer@11ee02f8, org.springframework.boot.test.mock.mockito.MockitoContextCustomizer@0, org.springframework.boot.test.autoconfigure.properties.PropertyMappingContextCustomizer@0, org.springframework.boot.test.autoconfigure.web.servlet.WebDriverContextCustomizerFactory$Customizer@159e366], contextLoader = 'org.springframework.test.context.support.DelegatingSmartContextLoader', parent = [null]]]
09:35:42.889 [main] DEBUG org.springframework.test.context.cache - Spring test ApplicationContext cache statistics: [DefaultContextCache@42c2f48c size = 1, maxSize = 32, parentContextCount = 0, hitCount = 7, missCount = 1]

Scenario:                                                                                    # src/test/resources/features/GetAllCommits.feature:3
09:35:42.902 [main] DEBUG org.apache.http.client.protocol.RequestAddCookies - CookieSpec selected: default
09:35:42.902 [main] DEBUG org.apache.http.client.protocol.RequestAuthCache - Auth cache not set in the context
09:35:42.902 [main] DEBUG org.apache.http.impl.conn.PoolingHttpClientConnectionManager - Connection request: [route: {s}->https://devopsmetrics.herokuapp.com:443][total available: 0; route allocated: 0 of 2; total allocated: 0 of 20]
09:35:42.902 [main] DEBUG org.apache.http.impl.conn.PoolingHttpClientConnectionManager - Connection leased: [id: 2][route: {s}->https://devopsmetrics.herokuapp.com:443][total available: 0; route allocated: 1 of 2; total allocated: 1 of 20]
09:35:42.902 [main] DEBUG org.apache.http.impl.execchain.MainClientExec - Opening connection {s}->https://devopsmetrics.herokuapp.com:443
09:35:42.902 [main] DEBUG org.apache.http.impl.conn.DefaultHttpClientConnectionOperator - Connecting to devopsmetrics.herokuapp.com/34.240.218.59:443
09:35:42.902 [main] DEBUG org.apache.http.conn.ssl.SSLConnectionSocketFactory - Connecting socket to devopsmetrics.herokuapp.com/34.240.218.59:443 with timeout 0
09:35:42.944 [main] DEBUG org.apache.http.conn.ssl.SSLConnectionSocketFactory - Enabled protocols: [TLSv1.3, TLSv1.2, TLSv1.1, TLSv1]
09:35:42.945 [main] DEBUG org.apache.http.conn.ssl.SSLConnectionSocketFactory - Enabled cipher suites:[TLS_AES_128_GCM_SHA256, TLS_AES_256_GCM_SHA384, TLS_ECDHE_ECDSA_WITH_AES_256_GCM_SHA384, TLS_ECDHE_ECDSA_WITH_AES_128_GCM_SHA256, TLS_ECDHE_RSA_WITH_AES_256_GCM_SHA384, TLS_RSA_WITH_AES_256_GCM_SHA384, TLS_ECDH_ECDSA_WITH_AES_256_GCM_SHA384, TLS_ECDH_RSA_WITH_AES_256_GCM_SHA384, TLS_DHE_RSA_WITH_AES_256_GCM_SHA384, TLS_DHE_DSS_WITH_AES_256_GCM_SHA384, TLS_ECDHE_RSA_WITH_AES_128_GCM_SHA256, TLS_RSA_WITH_AES_128_GCM_SHA256, TLS_ECDH_ECDSA_WITH_AES_128_GCM_SHA256, TLS_ECDH_RSA_WITH_AES_128_GCM_SHA256, TLS_DHE_RSA_WITH_AES_128_GCM_SHA256, TLS_DHE_DSS_WITH_AES_128_GCM_SHA256, TLS_ECDHE_ECDSA_WITH_AES_256_CBC_SHA384, TLS_ECDHE_RSA_WITH_AES_256_CBC_SHA384, TLS_RSA_WITH_AES_256_CBC_SHA256, TLS_ECDH_ECDSA_WITH_AES_256_CBC_SHA384, TLS_ECDH_RSA_WITH_AES_256_CBC_SHA384, TLS_DHE_RSA_WITH_AES_256_CBC_SHA256, TLS_DHE_DSS_WITH_AES_256_CBC_SHA256, TLS_ECDHE_ECDSA_WITH_AES_256_CBC_SHA, TLS_ECDHE_RSA_WITH_AES_256_CBC_SHA, TLS_RSA_WITH_AES_256_CBC_SHA, TLS_ECDH_ECDSA_WITH_AES_256_CBC_SHA, TLS_ECDH_RSA_WITH_AES_256_CBC_SHA, TLS_DHE_RSA_WITH_AES_256_CBC_SHA, TLS_DHE_DSS_WITH_AES_256_CBC_SHA, TLS_ECDHE_ECDSA_WITH_AES_128_CBC_SHA256, TLS_ECDHE_RSA_WITH_AES_128_CBC_SHA256, TLS_RSA_WITH_AES_128_CBC_SHA256, TLS_ECDH_ECDSA_WITH_AES_128_CBC_SHA256, TLS_ECDH_RSA_WITH_AES_128_CBC_SHA256, TLS_DHE_RSA_WITH_AES_128_CBC_SHA256, TLS_DHE_DSS_WITH_AES_128_CBC_SHA256, TLS_ECDHE_ECDSA_WITH_AES_128_CBC_SHA, TLS_ECDHE_RSA_WITH_AES_128_CBC_SHA, TLS_RSA_WITH_AES_128_CBC_SHA, TLS_ECDH_ECDSA_WITH_AES_128_CBC_SHA, TLS_ECDH_RSA_WITH_AES_128_CBC_SHA, TLS_DHE_RSA_WITH_AES_128_CBC_SHA, TLS_DHE_DSS_WITH_AES_128_CBC_SHA, TLS_EMPTY_RENEGOTIATION_INFO_SCSV]
09:35:42.945 [main] DEBUG org.apache.http.conn.ssl.SSLConnectionSocketFactory - Starting handshake
09:35:43.041 [main] DEBUG org.apache.http.conn.ssl.SSLConnectionSocketFactory - Secure session established
09:35:43.042 [main] DEBUG org.apache.http.conn.ssl.SSLConnectionSocketFactory -  negotiated protocol: TLSv1.2
09:35:43.042 [main] DEBUG org.apache.http.conn.ssl.SSLConnectionSocketFactory -  negotiated cipher suite: TLS_ECDHE_RSA_WITH_AES_128_GCM_SHA256
09:35:43.042 [main] DEBUG org.apache.http.conn.ssl.SSLConnectionSocketFactory -  peer principal: CN=*.herokuapp.com
09:35:43.042 [main] DEBUG org.apache.http.conn.ssl.SSLConnectionSocketFactory -  peer alternative names: [*.herokuapp.com]
09:35:43.042 [main] DEBUG org.apache.http.conn.ssl.SSLConnectionSocketFactory -  issuer principal: CN=Amazon, OU=Server CA 1B, O=Amazon, C=US
09:35:43.042 [main] DEBUG org.apache.http.impl.conn.DefaultHttpClientConnectionOperator - Connection established 192.168.1.45:64994<->34.240.218.59:443
09:35:43.042 [main] DEBUG org.apache.http.impl.execchain.MainClientExec - Executing request GET /usuarios?username=null&password=null HTTP/1.1
09:35:43.042 [main] DEBUG org.apache.http.impl.execchain.MainClientExec - Target auth state: UNCHALLENGED
09:35:43.042 [main] DEBUG org.apache.http.impl.execchain.MainClientExec - Proxy auth state: UNCHALLENGED
09:35:43.042 [main] DEBUG org.apache.http.headers - http-outgoing-2 >> GET /usuarios?username=null&password=null HTTP/1.1
09:35:43.042 [main] DEBUG org.apache.http.headers - http-outgoing-2 >> Host: devopsmetrics.herokuapp.com
09:35:43.042 [main] DEBUG org.apache.http.headers - http-outgoing-2 >> Connection: Keep-Alive
09:35:43.042 [main] DEBUG org.apache.http.headers - http-outgoing-2 >> User-Agent: Apache-HttpClient/4.5.12 (Java/11.0.8)
09:35:43.042 [main] DEBUG org.apache.http.headers - http-outgoing-2 >> Accept-Encoding: gzip,deflate
09:35:43.042 [main] DEBUG org.apache.http.wire - http-outgoing-2 >> "GET /usuarios?username=null&password=null HTTP/1.1[\r][\n]"
09:35:43.042 [main] DEBUG org.apache.http.wire - http-outgoing-2 >> "Host: devopsmetrics.herokuapp.com[\r][\n]"
09:35:43.042 [main] DEBUG org.apache.http.wire - http-outgoing-2 >> "Connection: Keep-Alive[\r][\n]"
09:35:43.042 [main] DEBUG org.apache.http.wire - http-outgoing-2 >> "User-Agent: Apache-HttpClient/4.5.12 (Java/11.0.8)[\r][\n]"
09:35:43.042 [main] DEBUG org.apache.http.wire - http-outgoing-2 >> "Accept-Encoding: gzip,deflate[\r][\n]"
09:35:43.042 [main] DEBUG org.apache.http.wire - http-outgoing-2 >> "[\r][\n]"
09:35:43.145 [main] DEBUG org.apache.http.wire - http-outgoing-2 << "HTTP/1.1 500 [\r][\n]"
09:35:43.145 [main] DEBUG org.apache.http.wire - http-outgoing-2 << "Server: Cowboy[\r][\n]"
09:35:43.145 [main] DEBUG org.apache.http.wire - http-outgoing-2 << "Connection: keep-alive[\r][\n]"
09:35:43.145 [main] DEBUG org.apache.http.wire - http-outgoing-2 << "Vary: Origin[\r][\n]"
09:35:43.145 [main] DEBUG org.apache.http.wire - http-outgoing-2 << "Vary: Access-Control-Request-Method[\r][\n]"
09:35:43.145 [main] DEBUG org.apache.http.wire - http-outgoing-2 << "Vary: Access-Control-Request-Headers[\r][\n]"
09:35:43.145 [main] DEBUG org.apache.http.wire - http-outgoing-2 << "Content-Type: application/json[\r][\n]"
09:35:43.145 [main] DEBUG org.apache.http.wire - http-outgoing-2 << "Transfer-Encoding: chunked[\r][\n]"
09:35:43.145 [main] DEBUG org.apache.http.wire - http-outgoing-2 << "Date: Tue, 13 Jul 2021 07:35:42 GMT[\r][\n]"
09:35:43.145 [main] DEBUG org.apache.http.wire - http-outgoing-2 << "Via: 1.1 vegur[\r][\n]"
09:35:43.145 [main] DEBUG org.apache.http.wire - http-outgoing-2 << "[\r][\n]"
09:35:43.145 [main] DEBUG org.apache.http.headers - http-outgoing-2 << HTTP/1.1 500 
09:35:43.145 [main] DEBUG org.apache.http.headers - http-outgoing-2 << Server: Cowboy
09:35:43.145 [main] DEBUG org.apache.http.headers - http-outgoing-2 << Connection: keep-alive
09:35:43.145 [main] DEBUG org.apache.http.headers - http-outgoing-2 << Vary: Origin
09:35:43.145 [main] DEBUG org.apache.http.headers - http-outgoing-2 << Vary: Access-Control-Request-Method
09:35:43.145 [main] DEBUG org.apache.http.headers - http-outgoing-2 << Vary: Access-Control-Request-Headers
09:35:43.145 [main] DEBUG org.apache.http.headers - http-outgoing-2 << Content-Type: application/json
09:35:43.145 [main] DEBUG org.apache.http.headers - http-outgoing-2 << Transfer-Encoding: chunked
09:35:43.145 [main] DEBUG org.apache.http.headers - http-outgoing-2 << Date: Tue, 13 Jul 2021 07:35:42 GMT
09:35:43.145 [main] DEBUG org.apache.http.headers - http-outgoing-2 << Via: 1.1 vegur
09:35:43.145 [main] DEBUG org.apache.http.impl.execchain.MainClientExec - Connection can be kept alive indefinitely
09:35:43.146 [main] DEBUG org.apache.http.wire - http-outgoing-2 << "7a[\r][\n]"
09:35:43.146 [main] DEBUG org.apache.http.wire - http-outgoing-2 << "{"timestamp":"2021-07-13T07:35:43.168+00:00","status":500,"error":"Internal Server Error","message":"","path":"/usuarios"}[\r][\n]"
09:35:43.146 [main] DEBUG org.apache.http.wire - http-outgoing-2 << "0[\r][\n]"
09:35:43.146 [main] DEBUG org.apache.http.wire - http-outgoing-2 << "[\r][\n]"
09:35:43.146 [main] DEBUG org.apache.http.impl.conn.PoolingHttpClientConnectionManager - Connection [id: 2][route: {s}->https://devopsmetrics.herokuapp.com:443] can be kept alive indefinitely
09:35:43.146 [main] DEBUG org.apache.http.impl.conn.DefaultManagedHttpClientConnection - http-outgoing-2: set socket timeout to 0
09:35:43.146 [main] DEBUG org.apache.http.impl.conn.PoolingHttpClientConnectionManager - Connection released: [id: 2][route: {s}->https://devopsmetrics.herokuapp.com:443][total available: 1; route allocated: 1 of 2; total allocated: 1 of 20]
  Given user is logging in the system for getting all commits from a repository by his owner # edu.uclm.esi.devopsmetrics.bdd.stepdefinitions.GetAllCommitsSteps.user_is_logging_in_the_system_for_getting_all_commits_from_a_repository_by_his_owner()
  When user is correct he requests all commits from a repository by his owner                # edu.uclm.esi.devopsmetrics.bdd.stepdefinitions.GetAllCommitsSteps.user_is_correct_he_requests_all_commits_from_a_repository_by_his_owner()
      java.lang.NullPointerException
	at edu.uclm.esi.devopsmetrics.bdd.stepdefinitions.GetAllCommitsSteps.user_is_correct_he_requests_all_commits_from_a_repository_by_his_owner(GetAllCommitsSteps.java:61)
	at âœ½.user is correct he requests all commits from a repository by his owner(file:///C:/Users/Crespo/eclipse-workspace/devopsmetrics/src/test/resources/features/GetAllCommits.feature:5)

  Then the user gets all commits from a repository by his owner                              # edu.uclm.esi.devopsmetrics.bdd.stepdefinitions.GetAllCommitsSteps.the_user_gets_all_commits_from_a_repository_by_his_owner()
09:35:43.148 [main] DEBUG org.springframework.test.context.cache.DefaultCacheAwareContextLoaderDelegate - Retrieved ApplicationContext [7395550] from cache with key [[MergedContextConfiguration@6848a051 testClass = TestRunner, locations = '{}', classes = '{}', contextInitializerClasses = '[]', activeProfiles = '{}', propertySourceLocations = '{}', propertySourceProperties = '{}', contextCustomizers = set[org.springframework.boot.test.context.filter.ExcludeFilterContextCustomizer@6a175569, org.springframework.boot.test.json.DuplicateJsonObjectContextCustomizerFactory$DuplicateJsonObjectContextCustomizer@11ee02f8, org.springframework.boot.test.mock.mockito.MockitoContextCustomizer@0, org.springframework.boot.test.autoconfigure.properties.PropertyMappingContextCustomizer@0, org.springframework.boot.test.autoconfigure.web.servlet.WebDriverContextCustomizerFactory$Customizer@159e366], contextLoader = 'org.springframework.test.context.support.DelegatingSmartContextLoader', parent = [null]]]
09:35:43.148 [main] DEBUG org.springframework.test.context.cache - Spring test ApplicationContext cache statistics: [DefaultContextCache@42c2f48c size = 1, maxSize = 32, parentContextCount = 0, hitCount = 8, missCount = 1]
09:35:43.148 [main] DEBUG org.springframework.test.context.support.AbstractDirtiesContextTestExecutionListener - After test class: context [DefaultTestContext@5740ff5e testClass = TestRunner, testInstance = [null], testMethod = [null], testException = [null], mergedContextConfiguration = [MergedContextConfiguration@6848a051 testClass = TestRunner, locations = '{}', classes = '{}', contextInitializerClasses = '[]', activeProfiles = '{}', propertySourceLocations = '{}', propertySourceProperties = '{}', contextCustomizers = set[org.springframework.boot.test.context.filter.ExcludeFilterContextCustomizer@6a175569, org.springframework.boot.test.json.DuplicateJsonObjectContextCustomizerFactory$DuplicateJsonObjectContextCustomizer@11ee02f8, org.springframework.boot.test.mock.mockito.MockitoContextCustomizer@0, org.springframework.boot.test.autoconfigure.properties.PropertyMappingContextCustomizer@0, org.springframework.boot.test.autoconfigure.web.servlet.WebDriverContextCustomizerFactory$Customizer@159e366], contextLoader = 'org.springframework.test.context.support.DelegatingSmartContextLoader', parent = [null]], attributes = map[[empty]]], class annotated with @DirtiesContext [false] with mode [null].
]]></system-out>
  </testcase>
  <testcase name="{feature to test the function to get all issues from a repository by his owner from Github}" classname="edu.uclm.esi.devopsmetrics.bdd.TestRunner" time="0.243">
    <error type="java.lang.NullPointerException">java.lang.NullPointerException
</error>
    <system-out><![CDATA[09:35:43.149 [main] DEBUG org.springframework.test.context.BootstrapUtils - Instantiating CacheAwareContextLoaderDelegate from class [org.springframework.test.context.cache.DefaultCacheAwareContextLoaderDelegate]
09:35:43.150 [main] DEBUG org.springframework.test.context.BootstrapUtils - Instantiating BootstrapContext using constructor [public org.springframework.test.context.support.DefaultBootstrapContext(java.lang.Class,org.springframework.test.context.CacheAwareContextLoaderDelegate)]
09:35:43.150 [main] DEBUG org.springframework.test.context.BootstrapUtils - Instantiating TestContextBootstrapper for test class [edu.uclm.esi.devopsmetrics.bdd.TestRunner] from class [org.springframework.test.context.support.DefaultTestContextBootstrapper]
09:35:43.150 [main] INFO org.springframework.test.context.support.DefaultTestContextBootstrapper - Neither @ContextConfiguration nor @ContextHierarchy found for test class [edu.uclm.esi.devopsmetrics.bdd.TestRunner], using DelegatingSmartContextLoader
09:35:43.150 [main] DEBUG org.springframework.test.context.support.AbstractDelegatingSmartContextLoader - Delegating to GenericXmlContextLoader to process context configuration [ContextConfigurationAttributes@60a19573 declaringClass = 'edu.uclm.esi.devopsmetrics.bdd.TestRunner', classes = '{}', locations = '{}', inheritLocations = false, initializers = '{}', inheritInitializers = true, name = [null], contextLoaderClass = 'org.springframework.test.context.ContextLoader'].
09:35:43.150 [main] DEBUG org.springframework.test.context.support.AbstractContextLoader - Did not detect default resource location for test class [edu.uclm.esi.devopsmetrics.bdd.TestRunner]: class path resource [edu/uclm/esi/devopsmetrics/bdd/TestRunner-context.xml] does not exist
09:35:43.151 [main] INFO org.springframework.test.context.support.AbstractContextLoader - Could not detect default resource locations for test class [edu.uclm.esi.devopsmetrics.bdd.TestRunner]: no resource found for suffixes {-context.xml}.
09:35:43.151 [main] DEBUG org.springframework.test.context.support.AbstractDelegatingSmartContextLoader - Delegating to AnnotationConfigContextLoader to process context configuration [ContextConfigurationAttributes@60a19573 declaringClass = 'edu.uclm.esi.devopsmetrics.bdd.TestRunner', classes = '{}', locations = '{}', inheritLocations = false, initializers = '{}', inheritInitializers = true, name = [null], contextLoaderClass = 'org.springframework.test.context.ContextLoader'].
09:35:43.151 [main] INFO org.springframework.test.context.support.AnnotationConfigContextLoaderUtils - Could not detect default configuration classes for test class [edu.uclm.esi.devopsmetrics.bdd.TestRunner]: TestRunner does not declare any static, non-private, non-final, nested classes annotated with @Configuration.
09:35:43.152 [main] DEBUG org.springframework.test.context.support.ActiveProfilesUtils - Could not find an 'annotation declaring class' for annotation type [org.springframework.test.context.ActiveProfiles] and class [edu.uclm.esi.devopsmetrics.bdd.TestRunner]
09:35:43.153 [main] DEBUG org.springframework.test.context.support.DefaultTestContextBootstrapper - @TestExecutionListeners is not present for class [edu.uclm.esi.devopsmetrics.bdd.TestRunner]: using defaults.
09:35:43.153 [main] INFO org.springframework.test.context.support.DefaultTestContextBootstrapper - Loaded default TestExecutionListener class names from location [META-INF/spring.factories]: [org.springframework.boot.test.mock.mockito.MockitoTestExecutionListener, org.springframework.boot.test.mock.mockito.ResetMocksTestExecutionListener, org.springframework.boot.test.autoconfigure.restdocs.RestDocsTestExecutionListener, org.springframework.boot.test.autoconfigure.web.client.MockRestServiceServerResetTestExecutionListener, org.springframework.boot.test.autoconfigure.web.servlet.MockMvcPrintOnlyOnFailureTestExecutionListener, org.springframework.boot.test.autoconfigure.web.servlet.WebDriverTestExecutionListener, org.springframework.boot.test.autoconfigure.webservices.client.MockWebServiceServerTestExecutionListener, org.springframework.test.context.web.ServletTestExecutionListener, org.springframework.test.context.support.DirtiesContextBeforeModesTestExecutionListener, org.springframework.test.context.support.DependencyInjectionTestExecutionListener, org.springframework.test.context.support.DirtiesContextTestExecutionListener, org.springframework.test.context.transaction.TransactionalTestExecutionListener, org.springframework.test.context.jdbc.SqlScriptsTestExecutionListener, org.springframework.test.context.event.EventPublishingTestExecutionListener]
09:35:43.153 [main] INFO org.springframework.test.context.support.DefaultTestContextBootstrapper - Using TestExecutionListeners: [org.springframework.test.context.web.ServletTestExecutionListener@44a085e5, org.springframework.test.context.support.DirtiesContextBeforeModesTestExecutionListener@134ff8f8, org.springframework.boot.test.mock.mockito.MockitoTestExecutionListener@619f2afc, org.springframework.test.context.support.DependencyInjectionTestExecutionListener@df921b1, org.springframework.test.context.support.DirtiesContextTestExecutionListener@4db60246, org.springframework.test.context.transaction.TransactionalTestExecutionListener@2152ab30, org.springframework.test.context.jdbc.SqlScriptsTestExecutionListener@3902bd2c, org.springframework.test.context.event.EventPublishingTestExecutionListener@7d32e714, org.springframework.boot.test.mock.mockito.ResetMocksTestExecutionListener@eb6ec6, org.springframework.boot.test.autoconfigure.restdocs.RestDocsTestExecutionListener@34d45ec0, org.springframework.boot.test.autoconfigure.web.client.MockRestServiceServerResetTestExecutionListener@18137eab, org.springframework.boot.test.autoconfigure.web.servlet.MockMvcPrintOnlyOnFailureTestExecutionListener@727320fa, org.springframework.boot.test.autoconfigure.web.servlet.WebDriverTestExecutionListener@2935fd2c, org.springframework.boot.test.autoconfigure.webservices.client.MockWebServiceServerTestExecutionListener@3f018494]
09:35:43.153 [main] DEBUG org.springframework.test.context.cache.DefaultCacheAwareContextLoaderDelegate - Retrieved ApplicationContext [7395550] from cache with key [[MergedContextConfiguration@3ce443f9 testClass = TestRunner, locations = '{}', classes = '{}', contextInitializerClasses = '[]', activeProfiles = '{}', propertySourceLocations = '{}', propertySourceProperties = '{}', contextCustomizers = set[org.springframework.boot.test.context.filter.ExcludeFilterContextCustomizer@6a175569, org.springframework.boot.test.json.DuplicateJsonObjectContextCustomizerFactory$DuplicateJsonObjectContextCustomizer@11ee02f8, org.springframework.boot.test.mock.mockito.MockitoContextCustomizer@0, org.springframework.boot.test.autoconfigure.properties.PropertyMappingContextCustomizer@0, org.springframework.boot.test.autoconfigure.web.servlet.WebDriverContextCustomizerFactory$Customizer@159e366], contextLoader = 'org.springframework.test.context.support.DelegatingSmartContextLoader', parent = [null]]]
[...]
09:36:10.349 [main] DEBUG org.springframework.test.context.support.ActiveProfilesUtils - Could not find an 'annotation declaring class' for annotation type [org.springframework.test.context.ActiveProfiles] and class [edu.uclm.esi.devopsmetrics.bdd.TestRunner]
09:36:10.349 [main] DEBUG org.springframework.test.context.support.DefaultTestContextBootstrapper - @TestExecutionListeners is not present for class [edu.uclm.esi.devopsmetrics.bdd.TestRunner]: using defaults.
09:36:10.349 [main] INFO org.springframework.test.context.support.DefaultTestContextBootstrapper - Loaded default TestExecutionListener class names from location [META-INF/spring.factories]: [org.springframework.boot.test.mock.mockito.MockitoTestExecutionListener, org.springframework.boot.test.mock.mockito.ResetMocksTestExecutionListener, org.springframework.boot.test.autoconfigure.restdocs.RestDocsTestExecutionListener, org.springframework.boot.test.autoconfigure.web.client.MockRestServiceServerResetTestExecutionListener, org.springframework.boot.test.autoconfigure.web.servlet.MockMvcPrintOnlyOnFailureTestExecutionListener, org.springframework.boot.test.autoconfigure.web.servlet.WebDriverTestExecutionListener, org.springframework.boot.test.autoconfigure.webservices.client.MockWebServiceServerTestExecutionListener, org.springframework.test.context.web.ServletTestExecutionListener, org.springframework.test.context.support.DirtiesContextBeforeModesTestExecutionListener, org.springframework.test.context.support.DependencyInjectionTestExecutionListener, org.springframework.test.context.support.DirtiesContextTestExecutionListener, org.springframework.test.context.transaction.TransactionalTestExecutionListener, org.springframework.test.context.jdbc.SqlScriptsTestExecutionListener, org.springframework.test.context.event.EventPublishingTestExecutionListener]
09:36:10.350 [main] INFO org.springframework.test.context.support.DefaultTestContextBootstrapper - Using TestExecutionListeners: [org.springframework.test.context.web.ServletTestExecutionListener@7ad889be, org.springframework.test.context.support.DirtiesContextBeforeModesTestExecutionListener@4c063cb9, org.springframework.boot.test.mock.mockito.MockitoTestExecutionListener@63de4fa, org.springframework.test.context.support.DependencyInjectionTestExecutionListener@26bb92e2, org.springframework.test.context.support.DirtiesContextTestExecutionListener@18907af2, org.springframework.test.context.transaction.TransactionalTestExecutionListener@658e7ead, org.springframework.test.context.jdbc.SqlScriptsTestExecutionListener@cfd5cd2, org.springframework.test.context.event.EventPublishingTestExecutionListener@762bf32d, org.springframework.boot.test.mock.mockito.ResetMocksTestExecutionListener@6d7740f0, org.springframework.boot.test.autoconfigure.restdocs.RestDocsTestExecutionListener@7b1a30e5, org.springframework.boot.test.autoconfigure.web.client.MockRestServiceServerResetTestExecutionListener@1de7f898, org.springframework.boot.test.autoconfigure.web.servlet.MockMvcPrintOnlyOnFailureTestExecutionListener@34fcd292, org.springframework.boot.test.autoconfigure.web.servlet.WebDriverTestExecutionListener@63db743d, org.springframework.boot.test.autoconfigure.webservices.client.MockWebServiceServerTestExecutionListener@496cedbb]
09:36:10.350 [main] DEBUG org.springframework.test.context.cache.DefaultCacheAwareContextLoaderDelegate - Retrieved ApplicationContext [7395550] from cache with key [[MergedContextConfiguration@6b6def36 testClass = TestRunner, locations = '{}', classes = '{}', contextInitializerClasses = '[]', activeProfiles = '{}', propertySourceLocations = '{}', propertySourceProperties = '{}', contextCustomizers = set[org.springframework.boot.test.context.filter.ExcludeFilterContextCustomizer@6a175569, org.springframework.boot.test.json.DuplicateJsonObjectContextCustomizerFactory$DuplicateJsonObjectContextCustomizer@11ee02f8, org.springframework.boot.test.mock.mockito.MockitoContextCustomizer@0, org.springframework.boot.test.autoconfigure.properties.PropertyMappingContextCustomizer@0, org.springframework.boot.test.autoconfigure.web.servlet.WebDriverContextCustomizerFactory$Customizer@159e366], contextLoader = 'org.springframework.test.context.support.DelegatingSmartContextLoader', parent = [null]]]
09:36:10.350 [main] DEBUG org.springframework.test.context.cache - Spring test ApplicationContext cache statistics: [DefaultContextCache@42c2f48c size = 1, maxSize = 32, parentContextCount = 0, hitCount = 75, missCount = 1]
09:36:10.350 [main] DEBUG org.springframework.beans.factory.support.DefaultListableBeanFactory - Replacing scope 'cucumber-glue' from [io.cucumber.spring.CucumberScenarioScope@19705650] to [io.cucumber.spring.CucumberScenarioScope@3957d88b]
09:36:10.350 [main] DEBUG org.springframework.test.context.support.AbstractDirtiesContextTestExecutionListener - Before test class: context [DefaultTestContext@1152900 testClass = TestRunner, testInstance = [null], testMethod = [null], testException = [null], mergedContextConfiguration = [MergedContextConfiguration@6b6def36 testClass = TestRunner, locations = '{}', classes = '{}', contextInitializerClasses = '[]', activeProfiles = '{}', propertySourceLocations = '{}', propertySourceProperties = '{}', contextCustomizers = set[org.springframework.boot.test.context.filter.ExcludeFilterContextCustomizer@6a175569, org.springframework.boot.test.json.DuplicateJsonObjectContextCustomizerFactory$DuplicateJsonObjectContextCustomizer@11ee02f8, org.springframework.boot.test.mock.mockito.MockitoContextCustomizer@0, org.springframework.boot.test.autoconfigure.properties.PropertyMappingContextCustomizer@0, org.springframework.boot.test.autoconfigure.web.servlet.WebDriverContextCustomizerFactory$Customizer@159e366], contextLoader = 'org.springframework.test.context.support.DelegatingSmartContextLoader', parent = [null]], attributes = map[[empty]]], class annotated with @DirtiesContext [false] with mode [null].
09:36:10.350 [main] DEBUG org.springframework.test.context.cache.DefaultCacheAwareContextLoaderDelegate - Retrieved ApplicationContext [7395550] from cache with key [[MergedContextConfiguration@6b6def36 testClass = TestRunner, locations = '{}', classes = '{}', contextInitializerClasses = '[]', activeProfiles = '{}', propertySourceLocations = '{}', propertySourceProperties = '{}', contextCustomizers = set[org.springframework.boot.test.context.filter.ExcludeFilterContextCustomizer@6a175569, org.springframework.boot.test.json.DuplicateJsonObjectContextCustomizerFactory$DuplicateJsonObjectContextCustomizer@11ee02f8, org.springframework.boot.test.mock.mockito.MockitoContextCustomizer@0, org.springframework.boot.test.autoconfigure.properties.PropertyMappingContextCustomizer@0, org.springframework.boot.test.autoconfigure.web.servlet.WebDriverContextCustomizerFactory$Customizer@159e366], contextLoader = 'org.springframework.test.context.support.DelegatingSmartContextLoader', parent = [null]]]
09:36:10.350 [main] DEBUG org.springframework.test.context.cache - Spring test ApplicationContext cache statistics: [DefaultContextCache@42c2f48c size = 1, maxSize = 32, parentContextCount = 0, hitCount = 76, missCount = 1]

Scenario:                                                                                    # src/test/resources/features/UpdateUsuario.feature:3
09:36:10.359 [main] DEBUG org.apache.http.client.protocol.RequestAddCookies - CookieSpec selected: default
09:36:10.360 [main] DEBUG org.apache.http.client.protocol.RequestAuthCache - Auth cache not set in the context
09:36:10.360 [main] DEBUG org.apache.http.impl.conn.PoolingHttpClientConnectionManager - Connection request: [route: {s}->https://devopsmetrics.herokuapp.com:443][total available: 0; route allocated: 0 of 2; total allocated: 0 of 20]
09:36:10.360 [main] DEBUG org.apache.http.impl.conn.PoolingHttpClientConnectionManager - Connection leased: [id: 24][route: {s}->https://devopsmetrics.herokuapp.com:443][total available: 0; route allocated: 1 of 2; total allocated: 1 of 20]
09:36:10.360 [main] DEBUG org.apache.http.impl.execchain.MainClientExec - Opening connection {s}->https://devopsmetrics.herokuapp.com:443
09:36:10.360 [main] DEBUG org.apache.http.impl.conn.DefaultHttpClientConnectionOperator - Connecting to devopsmetrics.herokuapp.com/34.240.218.59:443
09:36:10.360 [main] DEBUG org.apache.http.conn.ssl.SSLConnectionSocketFactory - Connecting socket to devopsmetrics.herokuapp.com/34.240.218.59:443 with timeout 0
09:36:10.403 [main] DEBUG org.apache.http.conn.ssl.SSLConnectionSocketFactory - Enabled protocols: [TLSv1.3, TLSv1.2, TLSv1.1, TLSv1]
09:36:10.403 [main] DEBUG org.apache.http.conn.ssl.SSLConnectionSocketFactory - Enabled cipher suites:[TLS_AES_128_GCM_SHA256, TLS_AES_256_GCM_SHA384, TLS_ECDHE_ECDSA_WITH_AES_256_GCM_SHA384, TLS_ECDHE_ECDSA_WITH_AES_128_GCM_SHA256, TLS_ECDHE_RSA_WITH_AES_256_GCM_SHA384, TLS_RSA_WITH_AES_256_GCM_SHA384, TLS_ECDH_ECDSA_WITH_AES_256_GCM_SHA384, TLS_ECDH_RSA_WITH_AES_256_GCM_SHA384, TLS_DHE_RSA_WITH_AES_256_GCM_SHA384, TLS_DHE_DSS_WITH_AES_256_GCM_SHA384, TLS_ECDHE_RSA_WITH_AES_128_GCM_SHA256, TLS_RSA_WITH_AES_128_GCM_SHA256, TLS_ECDH_ECDSA_WITH_AES_128_GCM_SHA256, TLS_ECDH_RSA_WITH_AES_128_GCM_SHA256, TLS_DHE_RSA_WITH_AES_128_GCM_SHA256, TLS_DHE_DSS_WITH_AES_128_GCM_SHA256, TLS_ECDHE_ECDSA_WITH_AES_256_CBC_SHA384, TLS_ECDHE_RSA_WITH_AES_256_CBC_SHA384, TLS_RSA_WITH_AES_256_CBC_SHA256, TLS_ECDH_ECDSA_WITH_AES_256_CBC_SHA384, TLS_ECDH_RSA_WITH_AES_256_CBC_SHA384, TLS_DHE_RSA_WITH_AES_256_CBC_SHA256, TLS_DHE_DSS_WITH_AES_256_CBC_SHA256, TLS_ECDHE_ECDSA_WITH_AES_256_CBC_SHA, TLS_ECDHE_RSA_WITH_AES_256_CBC_SHA, TLS_RSA_WITH_AES_256_CBC_SHA, TLS_ECDH_ECDSA_WITH_AES_256_CBC_SHA, TLS_ECDH_RSA_WITH_AES_256_CBC_SHA, TLS_DHE_RSA_WITH_AES_256_CBC_SHA, TLS_DHE_DSS_WITH_AES_256_CBC_SHA, TLS_ECDHE_ECDSA_WITH_AES_128_CBC_SHA256, TLS_ECDHE_RSA_WITH_AES_128_CBC_SHA256, TLS_RSA_WITH_AES_128_CBC_SHA256, TLS_ECDH_ECDSA_WITH_AES_128_CBC_SHA256, TLS_ECDH_RSA_WITH_AES_128_CBC_SHA256, TLS_DHE_RSA_WITH_AES_128_CBC_SHA256, TLS_DHE_DSS_WITH_AES_128_CBC_SHA256, TLS_ECDHE_ECDSA_WITH_AES_128_CBC_SHA, TLS_ECDHE_RSA_WITH_AES_128_CBC_SHA, TLS_RSA_WITH_AES_128_CBC_SHA, TLS_ECDH_ECDSA_WITH_AES_128_CBC_SHA, TLS_ECDH_RSA_WITH_AES_128_CBC_SHA, TLS_DHE_RSA_WITH_AES_128_CBC_SHA, TLS_DHE_DSS_WITH_AES_128_CBC_SHA, TLS_EMPTY_RENEGOTIATION_INFO_SCSV]
09:36:10.403 [main] DEBUG org.apache.http.conn.ssl.SSLConnectionSocketFactory - Starting handshake
09:36:10.495 [main] DEBUG org.apache.http.conn.ssl.SSLConnectionSocketFactory - Secure session established
09:36:10.495 [main] DEBUG org.apache.http.conn.ssl.SSLConnectionSocketFactory -  negotiated protocol: TLSv1.2
09:36:10.495 [main] DEBUG org.apache.http.conn.ssl.SSLConnectionSocketFactory -  negotiated cipher suite: TLS_ECDHE_RSA_WITH_AES_128_GCM_SHA256
09:36:10.495 [main] DEBUG org.apache.http.conn.ssl.SSLConnectionSocketFactory -  peer principal: CN=*.herokuapp.com
09:36:10.495 [main] DEBUG org.apache.http.conn.ssl.SSLConnectionSocketFactory -  peer alternative names: [*.herokuapp.com]
09:36:10.495 [main] DEBUG org.apache.http.conn.ssl.SSLConnectionSocketFactory -  issuer principal: CN=Amazon, OU=Server CA 1B, O=Amazon, C=US
09:36:10.495 [main] DEBUG org.apache.http.impl.conn.DefaultHttpClientConnectionOperator - Connection established 192.168.1.45:59176<->34.240.218.59:443
09:36:10.496 [main] DEBUG org.apache.http.impl.execchain.MainClientExec - Executing request GET /usuarios?username=null&password=null HTTP/1.1
09:36:10.496 [main] DEBUG org.apache.http.impl.execchain.MainClientExec - Target auth state: UNCHALLENGED
09:36:10.496 [main] DEBUG org.apache.http.impl.execchain.MainClientExec - Proxy auth state: UNCHALLENGED
09:36:10.496 [main] DEBUG org.apache.http.headers - http-outgoing-24 >> GET /usuarios?username=null&password=null HTTP/1.1
09:36:10.496 [main] DEBUG org.apache.http.headers - http-outgoing-24 >> Host: devopsmetrics.herokuapp.com
09:36:10.496 [main] DEBUG org.apache.http.headers - http-outgoing-24 >> Connection: Keep-Alive
09:36:10.496 [main] DEBUG org.apache.http.headers - http-outgoing-24 >> User-Agent: Apache-HttpClient/4.5.12 (Java/11.0.8)
09:36:10.496 [main] DEBUG org.apache.http.headers - http-outgoing-24 >> Accept-Encoding: gzip,deflate
09:36:10.496 [main] DEBUG org.apache.http.wire - http-outgoing-24 >> "GET /usuarios?username=null&password=null HTTP/1.1[\r][\n]"
09:36:10.496 [main] DEBUG org.apache.http.wire - http-outgoing-24 >> "Host: devopsmetrics.herokuapp.com[\r][\n]"
09:36:10.496 [main] DEBUG org.apache.http.wire - http-outgoing-24 >> "Connection: Keep-Alive[\r][\n]"
09:36:10.496 [main] DEBUG org.apache.http.wire - http-outgoing-24 >> "User-Agent: Apache-HttpClient/4.5.12 (Java/11.0.8)[\r][\n]"
09:36:10.496 [main] DEBUG org.apache.http.wire - http-outgoing-24 >> "Accept-Encoding: gzip,deflate[\r][\n]"
09:36:10.496 [main] DEBUG org.apache.http.wire - http-outgoing-24 >> "[\r][\n]"
09:36:10.576 [main] DEBUG org.apache.http.wire - http-outgoing-24 << "HTTP/1.1 500 [\r][\n]"
09:36:10.576 [main] DEBUG org.apache.http.wire - http-outgoing-24 << "Server: Cowboy[\r][\n]"
09:36:10.576 [main] DEBUG org.apache.http.wire - http-outgoing-24 << "Connection: keep-alive[\r][\n]"
09:36:10.576 [main] DEBUG org.apache.http.wire - http-outgoing-24 << "Vary: Origin[\r][\n]"
09:36:10.576 [main] DEBUG org.apache.http.wire - http-outgoing-24 << "Vary: Access-Control-Request-Method[\r][\n]"
09:36:10.576 [main] DEBUG org.apache.http.wire - http-outgoing-24 << "Vary: Access-Control-Request-Headers[\r][\n]"
09:36:10.576 [main] DEBUG org.apache.http.wire - http-outgoing-24 << "Content-Type: application/json[\r][\n]"
09:36:10.576 [main] DEBUG org.apache.http.wire - http-outgoing-24 << "Transfer-Encoding: chunked[\r][\n]"
09:36:10.576 [main] DEBUG org.apache.http.wire - http-outgoing-24 << "Date: Tue, 13 Jul 2021 07:36:10 GMT[\r][\n]"
09:36:10.576 [main] DEBUG org.apache.http.wire - http-outgoing-24 << "Via: 1.1 vegur[\r][\n]"
09:36:10.576 [main] DEBUG org.apache.http.wire - http-outgoing-24 << "[\r][\n]"
09:36:10.576 [main] DEBUG org.apache.http.headers - http-outgoing-24 << HTTP/1.1 500 
09:36:10.576 [main] DEBUG org.apache.http.headers - http-outgoing-24 << Server: Cowboy
09:36:10.576 [main] DEBUG org.apache.http.headers - http-outgoing-24 << Connection: keep-alive
09:36:10.576 [main] DEBUG org.apache.http.headers - http-outgoing-24 << Vary: Origin
09:36:10.576 [main] DEBUG org.apache.http.headers - http-outgoing-24 << Vary: Access-Control-Request-Method
09:36:10.576 [main] DEBUG org.apache.http.headers - http-outgoing-24 << Vary: Access-Control-Request-Headers
09:36:10.576 [main] DEBUG org.apache.http.headers - http-outgoing-24 << Content-Type: application/json
09:36:10.576 [main] DEBUG org.apache.http.headers - http-outgoing-24 << Transfer-Encoding: chunked
09:36:10.576 [main] DEBUG org.apache.http.headers - http-outgoing-24 << Date: Tue, 13 Jul 2021 07:36:10 GMT
09:36:10.576 [main] DEBUG org.apache.http.headers - http-outgoing-24 << Via: 1.1 vegur
09:36:10.576 [main] DEBUG org.apache.http.impl.execchain.MainClientExec - Connection can be kept alive indefinitely
09:36:10.576 [main] DEBUG org.apache.http.wire - http-outgoing-24 << "7a[\r][\n]"
09:36:10.576 [main] DEBUG org.apache.http.wire - http-outgoing-24 << "{"timestamp":"2021-07-13T07:36:10.597+00:00","status":500,"error":"Internal Server Error","message":"","path":"/usuarios"}[\r][\n]"
09:36:10.576 [main] DEBUG org.apache.http.wire - http-outgoing-24 << "0[\r][\n]"
09:36:10.576 [main] DEBUG org.apache.http.wire - http-outgoing-24 << "[\r][\n]"
09:36:10.576 [main] DEBUG org.apache.http.impl.conn.PoolingHttpClientConnectionManager - Connection [id: 24][route: {s}->https://devopsmetrics.herokuapp.com:443] can be kept alive indefinitely
09:36:10.576 [main] DEBUG org.apache.http.impl.conn.DefaultManagedHttpClientConnection - http-outgoing-24: set socket timeout to 0
09:36:10.576 [main] DEBUG org.apache.http.impl.conn.PoolingHttpClientConnectionManager - Connection released: [id: 24][route: {s}->https://devopsmetrics.herokuapp.com:443][total available: 1; route allocated: 1 of 2; total allocated: 1 of 20]
  Given user is logging in the system for updating an user                                   # edu.uclm.esi.devopsmetrics.bdd.stepdefinitions.UpdateUserSteps.user_is_logging_in_the_system_for_updating_an_user()
  When user is correct it updates an user by the username and the password in the system     # edu.uclm.esi.devopsmetrics.bdd.stepdefinitions.UpdateUserSteps.user_is_correct_it_updates_an_user_by_the_username_and_the_password_in_the_system()
      java.lang.NullPointerException
	at edu.uclm.esi.devopsmetrics.bdd.stepdefinitions.UpdateUserSteps.user_is_correct_it_updates_an_user_by_the_username_and_the_password_in_the_system(UpdateUserSteps.java:61)
	at âœ½.user is correct it updates an user by the username and the password in the system(file:///C:/Users/Crespo/eclipse-workspace/devopsmetrics/src/test/resources/features/UpdateUsuario.feature:5)

  Then by the username and the password in peer not exists and the user is updated correctly # edu.uclm.esi.devopsmetrics.bdd.stepdefinitions.UpdateUserSteps.by_the_username_and_the_password_in_peer_not_exists_and_the_user_is_updated_correctly()
09:36:10.577 [main] DEBUG org.springframework.test.context.cache.DefaultCacheAwareContextLoaderDelegate - Retrieved ApplicationContext [7395550] from cache with key [[MergedContextConfiguration@6b6def36 testClass = TestRunner, locations = '{}', classes = '{}', contextInitializerClasses = '[]', activeProfiles = '{}', propertySourceLocations = '{}', propertySourceProperties = '{}', contextCustomizers = set[org.springframework.boot.test.context.filter.ExcludeFilterContextCustomizer@6a175569, org.springframework.boot.test.json.DuplicateJsonObjectContextCustomizerFactory$DuplicateJsonObjectContextCustomizer@11ee02f8, org.springframework.boot.test.mock.mockito.MockitoContextCustomizer@0, org.springframework.boot.test.autoconfigure.properties.PropertyMappingContextCustomizer@0, org.springframework.boot.test.autoconfigure.web.servlet.WebDriverContextCustomizerFactory$Customizer@159e366], contextLoader = 'org.springframework.test.context.support.DelegatingSmartContextLoader', parent = [null]]]
09:36:10.577 [main] DEBUG org.springframework.test.context.cache - Spring test ApplicationContext cache statistics: [DefaultContextCache@42c2f48c size = 1, maxSize = 32, parentContextCount = 0, hitCount = 77, missCount = 1]
09:36:10.577 [main] DEBUG org.springframework.test.context.support.AbstractDirtiesContextTestExecutionListener - After test class: context [DefaultTestContext@1152900 testClass = TestRunner, testInstance = [null], testMethod = [null], testException = [null], mergedContextConfiguration = [MergedContextConfiguration@6b6def36 testClass = TestRunner, locations = '{}', classes = '{}', contextInitializerClasses = '[]', activeProfiles = '{}', propertySourceLocations = '{}', propertySourceProperties = '{}', contextCustomizers = set[org.springframework.boot.test.context.filter.ExcludeFilterContextCustomizer@6a175569, org.springframework.boot.test.json.DuplicateJsonObjectContextCustomizerFactory$DuplicateJsonObjectContextCustomizer@11ee02f8, org.springframework.boot.test.mock.mockito.MockitoContextCustomizer@0, org.springframework.boot.test.autoconfigure.properties.PropertyMappingContextCustomizer@0, org.springframework.boot.test.autoconfigure.web.servlet.WebDriverContextCustomizerFactory$Customizer@159e366], contextLoader = 'org.springframework.test.context.support.DelegatingSmartContextLoader', parent = [null]], attributes = map[[empty]]], class annotated with @DirtiesContext [false] with mode [null].
]]></system-out>
  </testcase>
</testsuite>